mode: set
github.com/vaultenv/vaultenv-cli/cmd/vaultenv-cli/main.go:19.13,30.47 2 0
github.com/vaultenv/vaultenv-cli/cmd/vaultenv-cli/main.go:30.47,35.3 2 0
github.com/vaultenv/vaultenv-cli/internal/sync/conflicts.go:53.71,57.2 1 0
github.com/vaultenv/vaultenv-cli/internal/sync/conflicts.go:60.84,62.71 1 0
github.com/vaultenv/vaultenv-cli/internal/sync/conflicts.go:62.71,64.3 1 0
github.com/vaultenv/vaultenv-cli/internal/sync/conflicts.go:67.2,67.21 1 0
github.com/vaultenv/vaultenv-cli/internal/sync/conflicts.go:68.20,69.70 1 0
github.com/vaultenv/vaultenv-cli/internal/sync/conflicts.go:70.22,71.72 1 0
github.com/vaultenv/vaultenv-cli/internal/sync/conflicts.go:72.22,73.76 1 0
github.com/vaultenv/vaultenv-cli/internal/sync/conflicts.go:73.76,75.4 1 0
github.com/vaultenv/vaultenv-cli/internal/sync/conflicts.go:76.3,76.72 1 0
github.com/vaultenv/vaultenv-cli/internal/sync/conflicts.go:77.22,78.33 1 0
github.com/vaultenv/vaultenv-cli/internal/sync/conflicts.go:79.10,80.71 1 0
github.com/vaultenv/vaultenv-cli/internal/sync/conflicts.go:85.82,87.49 1 0
github.com/vaultenv/vaultenv-cli/internal/sync/conflicts.go:87.49,89.3 1 0
github.com/vaultenv/vaultenv-cli/internal/sync/conflicts.go:92.2,92.61 1 0
github.com/vaultenv/vaultenv-cli/internal/sync/conflicts.go:92.61,95.3 1 0
github.com/vaultenv/vaultenv-cli/internal/sync/conflicts.go:96.2,96.61 1 0
github.com/vaultenv/vaultenv-cli/internal/sync/conflicts.go:96.61,99.3 1 0
github.com/vaultenv/vaultenv-cli/internal/sync/conflicts.go:102.2,102.93 1 0
github.com/vaultenv/vaultenv-cli/internal/sync/conflicts.go:102.93,105.3 1 0
github.com/vaultenv/vaultenv-cli/internal/sync/conflicts.go:106.2,106.93 1 0
github.com/vaultenv/vaultenv-cli/internal/sync/conflicts.go:106.93,109.3 1 0
github.com/vaultenv/vaultenv-cli/internal/sync/conflicts.go:112.2,112.28 1 0
github.com/vaultenv/vaultenv-cli/internal/sync/conflicts.go:116.79,139.16 6 0
github.com/vaultenv/vaultenv-cli/internal/sync/conflicts.go:140.9,141.70 1 0
github.com/vaultenv/vaultenv-cli/internal/sync/conflicts.go:142.9,143.72 1 0
github.com/vaultenv/vaultenv-cli/internal/sync/conflicts.go:144.9,146.36 1 0
github.com/vaultenv/vaultenv-cli/internal/sync/conflicts.go:147.9,150.60 2 0
github.com/vaultenv/vaultenv-cli/internal/sync/conflicts.go:151.9,152.37 1 0
github.com/vaultenv/vaultenv-cli/internal/sync/conflicts.go:153.10,154.52 1 0
github.com/vaultenv/vaultenv-cli/internal/sync/conflicts.go:159.82,172.16 6 0
github.com/vaultenv/vaultenv-cli/internal/sync/conflicts.go:173.9,174.70 1 0
github.com/vaultenv/vaultenv-cli/internal/sync/conflicts.go:175.9,176.72 1 0
github.com/vaultenv/vaultenv-cli/internal/sync/conflicts.go:177.9,179.60 2 0
github.com/vaultenv/vaultenv-cli/internal/sync/conflicts.go:180.9,181.37 1 0
github.com/vaultenv/vaultenv-cli/internal/sync/conflicts.go:182.10,183.52 1 0
github.com/vaultenv/vaultenv-cli/internal/sync/conflicts.go:188.37,189.17 1 0
github.com/vaultenv/vaultenv-cli/internal/sync/conflicts.go:189.17,191.3 1 0
github.com/vaultenv/vaultenv-cli/internal/sync/conflicts.go:192.2,192.21 1 0
github.com/vaultenv/vaultenv-cli/internal/sync/conflicts.go:192.21,194.3 1 0
github.com/vaultenv/vaultenv-cli/internal/sync/conflicts.go:196.2,196.77 1 0
github.com/vaultenv/vaultenv-cli/internal/sync/conflicts.go:206.68,212.40 4 0
github.com/vaultenv/vaultenv-cli/internal/sync/conflicts.go:212.40,216.17 3 0
github.com/vaultenv/vaultenv-cli/internal/sync/conflicts.go:216.17,219.4 1 0
github.com/vaultenv/vaultenv-cli/internal/sync/conflicts.go:221.3,221.23 1 0
github.com/vaultenv/vaultenv-cli/internal/sync/conflicts.go:221.23,224.4 2 0
github.com/vaultenv/vaultenv-cli/internal/sync/conflicts.go:227.2,227.25 1 0
github.com/vaultenv/vaultenv-cli/internal/sync/conflicts.go:231.74,234.41 2 0
github.com/vaultenv/vaultenv-cli/internal/sync/conflicts.go:234.41,235.28 1 0
github.com/vaultenv/vaultenv-cli/internal/sync/conflicts.go:236.16,237.11 1 0
github.com/vaultenv/vaultenv-cli/internal/sync/conflicts.go:238.17,239.12 1 0
github.com/vaultenv/vaultenv-cli/internal/sync/conflicts.go:240.17,241.12 1 0
github.com/vaultenv/vaultenv-cli/internal/sync/conflicts.go:246.2,249.53 2 0
github.com/vaultenv/vaultenv-cli/internal/sync/git_conflicts.go:22.98,27.2 1 0
github.com/vaultenv/vaultenv-cli/internal/sync/git_conflicts.go:30.71,35.84 3 0
github.com/vaultenv/vaultenv-cli/internal/sync/git_conflicts.go:35.84,36.17 1 0
github.com/vaultenv/vaultenv-cli/internal/sync/git_conflicts.go:36.17,38.4 1 0
github.com/vaultenv/vaultenv-cli/internal/sync/git_conflicts.go:41.3,41.55 1 0
github.com/vaultenv/vaultenv-cli/internal/sync/git_conflicts.go:41.55,43.4 1 0
github.com/vaultenv/vaultenv-cli/internal/sync/git_conflicts.go:46.3,46.31 1 0
github.com/vaultenv/vaultenv-cli/internal/sync/git_conflicts.go:46.31,48.18 2 0
github.com/vaultenv/vaultenv-cli/internal/sync/git_conflicts.go:48.18,50.5 1 0
github.com/vaultenv/vaultenv-cli/internal/sync/git_conflicts.go:51.4,51.23 1 0
github.com/vaultenv/vaultenv-cli/internal/sync/git_conflicts.go:51.23,53.5 1 0
github.com/vaultenv/vaultenv-cli/internal/sync/git_conflicts.go:56.3,56.13 1 0
github.com/vaultenv/vaultenv-cli/internal/sync/git_conflicts.go:59.2,59.16 1 0
github.com/vaultenv/vaultenv-cli/internal/sync/git_conflicts.go:59.16,61.3 1 0
github.com/vaultenv/vaultenv-cli/internal/sync/git_conflicts.go:63.2,63.23 1 0
github.com/vaultenv/vaultenv-cli/internal/sync/git_conflicts.go:67.43,69.16 2 0
github.com/vaultenv/vaultenv-cli/internal/sync/git_conflicts.go:69.16,71.3 1 0
github.com/vaultenv/vaultenv-cli/internal/sync/git_conflicts.go:72.2,75.21 3 0
github.com/vaultenv/vaultenv-cli/internal/sync/git_conflicts.go:75.21,79.39 2 0
github.com/vaultenv/vaultenv-cli/internal/sync/git_conflicts.go:79.39,81.4 1 0
github.com/vaultenv/vaultenv-cli/internal/sync/git_conflicts.go:84.2,84.14 1 0
github.com/vaultenv/vaultenv-cli/internal/sync/git_conflicts.go:88.83,90.16 2 0
github.com/vaultenv/vaultenv-cli/internal/sync/git_conflicts.go:90.16,92.3 1 0
github.com/vaultenv/vaultenv-cli/internal/sync/git_conflicts.go:93.2,98.20 3 0
github.com/vaultenv/vaultenv-cli/internal/sync/git_conflicts.go:98.20,100.3 1 0
github.com/vaultenv/vaultenv-cli/internal/sync/git_conflicts.go:102.2,115.21 5 0
github.com/vaultenv/vaultenv-cli/internal/sync/git_conflicts.go:115.21,118.41 2 0
github.com/vaultenv/vaultenv-cli/internal/sync/git_conflicts.go:118.41,120.12 2 0
github.com/vaultenv/vaultenv-cli/internal/sync/git_conflicts.go:121.9,121.48 1 0
github.com/vaultenv/vaultenv-cli/internal/sync/git_conflicts.go:121.48,124.12 3 0
github.com/vaultenv/vaultenv-cli/internal/sync/git_conflicts.go:125.9,125.48 1 0
github.com/vaultenv/vaultenv-cli/internal/sync/git_conflicts.go:125.48,127.12 2 0
github.com/vaultenv/vaultenv-cli/internal/sync/git_conflicts.go:130.3,130.13 1 0
github.com/vaultenv/vaultenv-cli/internal/sync/git_conflicts.go:130.13,132.4 1 0
github.com/vaultenv/vaultenv-cli/internal/sync/git_conflicts.go:132.9,132.22 1 0
github.com/vaultenv/vaultenv-cli/internal/sync/git_conflicts.go:132.22,134.4 1 0
github.com/vaultenv/vaultenv-cli/internal/sync/git_conflicts.go:134.9,136.4 1 0
github.com/vaultenv/vaultenv-cli/internal/sync/git_conflicts.go:140.2,163.22 5 0
github.com/vaultenv/vaultenv-cli/internal/sync/git_conflicts.go:167.42,168.29 1 0
github.com/vaultenv/vaultenv-cli/internal/sync/git_conflicts.go:168.29,170.87 1 0
github.com/vaultenv/vaultenv-cli/internal/sync/git_conflicts.go:170.87,171.12 1 0
github.com/vaultenv/vaultenv-cli/internal/sync/git_conflicts.go:175.3,175.47 1 0
github.com/vaultenv/vaultenv-cli/internal/sync/git_conflicts.go:175.47,177.4 1 0
github.com/vaultenv/vaultenv-cli/internal/sync/git_conflicts.go:179.2,179.11 1 0
github.com/vaultenv/vaultenv-cli/internal/sync/git_conflicts.go:183.30,185.54 1 0
github.com/vaultenv/vaultenv-cli/internal/sync/git_conflicts.go:185.54,187.3 1 0
github.com/vaultenv/vaultenv-cli/internal/sync/git_conflicts.go:190.2,190.43 1 0
github.com/vaultenv/vaultenv-cli/internal/sync/git_conflicts.go:190.43,192.3 1 0
github.com/vaultenv/vaultenv-cli/internal/sync/git_conflicts.go:194.2,194.18 1 0
github.com/vaultenv/vaultenv-cli/internal/sync/git_conflicts.go:198.86,201.16 2 0
github.com/vaultenv/vaultenv-cli/internal/sync/git_conflicts.go:201.16,203.3 1 0
github.com/vaultenv/vaultenv-cli/internal/sync/git_conflicts.go:206.2,208.29 3 0
github.com/vaultenv/vaultenv-cli/internal/sync/git_conflicts.go:208.29,209.70 1 0
github.com/vaultenv/vaultenv-cli/internal/sync/git_conflicts.go:209.70,211.4 1 0
github.com/vaultenv/vaultenv-cli/internal/sync/git_conflicts.go:215.2,216.32 2 0
github.com/vaultenv/vaultenv-cli/internal/sync/git_conflicts.go:216.32,218.3 1 0
github.com/vaultenv/vaultenv-cli/internal/sync/git_conflicts.go:219.2,222.78 2 0
github.com/vaultenv/vaultenv-cli/internal/sync/git_conflicts.go:222.78,224.3 1 0
github.com/vaultenv/vaultenv-cli/internal/sync/git_conflicts.go:226.2,226.12 1 0
github.com/vaultenv/vaultenv-cli/internal/sync/git_conflicts.go:230.65,233.2 1 0
github.com/vaultenv/vaultenv-cli/internal/test/helpers.go:31.56,63.24 14 0
github.com/vaultenv/vaultenv-cli/internal/test/helpers.go:63.24,65.3 1 0
github.com/vaultenv/vaultenv-cli/internal/test/helpers.go:68.2,72.24 4 0
github.com/vaultenv/vaultenv-cli/internal/test/helpers.go:72.24,74.3 1 0
github.com/vaultenv/vaultenv-cli/internal/test/helpers.go:76.2,76.12 1 0
github.com/vaultenv/vaultenv-cli/internal/test/helpers.go:80.53,86.22 4 0
github.com/vaultenv/vaultenv-cli/internal/test/helpers.go:86.22,87.13 1 0
github.com/vaultenv/vaultenv-cli/internal/test/helpers.go:87.13,89.4 1 0
github.com/vaultenv/vaultenv-cli/internal/test/helpers.go:89.9,91.4 1 0
github.com/vaultenv/vaultenv-cli/internal/test/helpers.go:96.49,98.2 1 0
github.com/vaultenv/vaultenv-cli/internal/test/helpers.go:101.37,102.46 1 0
github.com/vaultenv/vaultenv-cli/internal/test/helpers.go:102.46,104.3 1 0
github.com/vaultenv/vaultenv-cli/internal/test/helpers.go:108.66,116.2 5 0
github.com/vaultenv/vaultenv-cli/internal/test/helpers.go:119.56,127.2 5 0
github.com/vaultenv/vaultenv-cli/internal/test/helpers.go:136.81,153.2 7 0
github.com/vaultenv/vaultenv-cli/internal/test/helpers.go:156.50,162.12 4 0
github.com/vaultenv/vaultenv-cli/internal/test/helpers.go:162.12,165.3 2 0
github.com/vaultenv/vaultenv-cli/internal/test/helpers.go:167.2,167.16 1 0
github.com/vaultenv/vaultenv-cli/internal/test/helpers.go:167.16,170.3 2 0
github.com/vaultenv/vaultenv-cli/internal/test/helpers.go:174.50,178.2 3 0
github.com/vaultenv/vaultenv-cli/internal/test/helpers.go:181.53,185.2 3 0
github.com/vaultenv/vaultenv-cli/internal/test/helpers.go:188.69,193.2 4 0
github.com/vaultenv/vaultenv-cli/internal/test/helpers.go:196.43,205.2 5 0
github.com/vaultenv/vaultenv-cli/internal/test/helpers.go:208.63,211.27 2 0
github.com/vaultenv/vaultenv-cli/internal/test/helpers.go:211.27,213.22 2 0
github.com/vaultenv/vaultenv-cli/internal/test/helpers.go:213.22,215.4 1 0
github.com/vaultenv/vaultenv-cli/internal/test/helpers.go:217.3,221.16 3 0
github.com/vaultenv/vaultenv-cli/internal/test/helpers.go:221.16,223.4 1 0
github.com/vaultenv/vaultenv-cli/internal/test/helpers.go:225.3,225.22 1 0
github.com/vaultenv/vaultenv-cli/internal/test/helpers.go:228.2,228.20 1 0
github.com/vaultenv/vaultenv-cli/internal/migration/password_migration.go:21.83,25.2 1 0
github.com/vaultenv/vaultenv-cli/internal/migration/password_migration.go:28.107,30.40 1 0
github.com/vaultenv/vaultenv-cli/internal/migration/password_migration.go:30.40,35.79 4 0
github.com/vaultenv/vaultenv-cli/internal/migration/password_migration.go:35.79,37.4 1 0
github.com/vaultenv/vaultenv-cli/internal/migration/password_migration.go:37.9,40.4 2 0
github.com/vaultenv/vaultenv-cli/internal/migration/password_migration.go:43.2,43.12 1 0
github.com/vaultenv/vaultenv-cli/internal/migration/password_migration.go:47.89,48.41 1 0
github.com/vaultenv/vaultenv-cli/internal/migration/password_migration.go:48.41,50.3 1 0
github.com/vaultenv/vaultenv-cli/internal/migration/password_migration.go:52.2,52.52 1 0
github.com/vaultenv/vaultenv-cli/internal/migration/password_migration.go:56.79,58.27 1 0
github.com/vaultenv/vaultenv-cli/internal/migration/password_migration.go:58.27,60.3 1 0
github.com/vaultenv/vaultenv-cli/internal/migration/password_migration.go:63.2,63.43 1 0
github.com/vaultenv/vaultenv-cli/internal/migration/password_migration.go:63.43,65.3 1 0
github.com/vaultenv/vaultenv-cli/internal/migration/password_migration.go:68.2,71.45 3 0
github.com/vaultenv/vaultenv-cli/internal/migration/password_migration.go:75.80,78.2 2 0
github.com/vaultenv/vaultenv-cli/internal/migration/password_migration.go:81.80,84.2 2 0
github.com/vaultenv/vaultenv-cli/internal/migration/password_migration.go:87.89,92.16 3 0
github.com/vaultenv/vaultenv-cli/internal/migration/password_migration.go:92.16,94.3 1 0
github.com/vaultenv/vaultenv-cli/internal/migration/password_migration.go:97.2,98.28 2 0
github.com/vaultenv/vaultenv-cli/internal/migration/password_migration.go:98.28,102.3 2 0
github.com/vaultenv/vaultenv-cli/internal/migration/password_migration.go:104.2,107.35 2 0
github.com/vaultenv/vaultenv-cli/internal/migration/password_migration.go:107.35,121.87 2 0
github.com/vaultenv/vaultenv-cli/internal/migration/password_migration.go:121.87,123.4 1 0
github.com/vaultenv/vaultenv-cli/internal/migration/password_migration.go:127.2,131.35 3 0
github.com/vaultenv/vaultenv-cli/internal/migration/password_migration.go:131.35,133.3 1 0
github.com/vaultenv/vaultenv-cli/internal/migration/password_migration.go:134.2,137.35 3 0
github.com/vaultenv/vaultenv-cli/internal/migration/password_migration.go:137.35,139.3 1 0
github.com/vaultenv/vaultenv-cli/internal/migration/password_migration.go:141.2,144.12 3 0
github.com/vaultenv/vaultenv-cli/internal/migration/password_migration.go:157.103,163.16 5 0
github.com/vaultenv/vaultenv-cli/internal/migration/password_migration.go:163.16,165.3 1 0
github.com/vaultenv/vaultenv-cli/internal/migration/password_migration.go:167.2,175.20 2 0
github.com/vaultenv/vaultenv-cli/internal/migration/password_migration.go:179.80,182.42 2 0
github.com/vaultenv/vaultenv-cli/internal/migration/password_migration.go:182.42,184.3 1 0
github.com/vaultenv/vaultenv-cli/internal/migration/password_migration.go:186.2,188.58 2 0
github.com/vaultenv/vaultenv-cli/internal/migration/password_migration.go:188.58,190.37 1 0
github.com/vaultenv/vaultenv-cli/internal/migration/password_migration.go:190.37,192.4 1 0
github.com/vaultenv/vaultenv-cli/internal/migration/password_migration.go:195.2,196.12 2 0
github.com/vaultenv/vaultenv-cli/internal/migration/password_migration.go:200.82,202.16 2 0
github.com/vaultenv/vaultenv-cli/internal/migration/password_migration.go:202.16,204.3 1 0
github.com/vaultenv/vaultenv-cli/internal/migration/password_migration.go:206.2,206.30 1 0
github.com/vaultenv/vaultenv-cli/internal/migration/password_migration.go:206.30,208.3 1 0
github.com/vaultenv/vaultenv-cli/internal/migration/password_migration.go:210.2,210.32 1 0
github.com/vaultenv/vaultenv-cli/internal/migration/password_migration.go:210.32,212.3 1 0
github.com/vaultenv/vaultenv-cli/internal/migration/password_migration.go:215.2,216.35 2 0
github.com/vaultenv/vaultenv-cli/internal/migration/password_migration.go:216.35,218.17 2 0
github.com/vaultenv/vaultenv-cli/internal/migration/password_migration.go:218.17,220.4 1 0
github.com/vaultenv/vaultenv-cli/internal/migration/password_migration.go:223.2,224.12 2 0
github.com/vaultenv/vaultenv-cli/internal/migration/password_migration.go:228.41,233.16 4 0
github.com/vaultenv/vaultenv-cli/internal/migration/password_migration.go:233.16,235.3 1 0
github.com/vaultenv/vaultenv-cli/internal/migration/password_migration.go:237.2,238.45 2 0
github.com/vaultenv/vaultenv-cli/internal/sync/conflicts.go:53.71,57.2 1 0
github.com/vaultenv/vaultenv-cli/internal/sync/conflicts.go:60.84,62.71 1 0
github.com/vaultenv/vaultenv-cli/internal/sync/conflicts.go:62.71,64.3 1 0
github.com/vaultenv/vaultenv-cli/internal/sync/conflicts.go:67.2,67.21 1 0
github.com/vaultenv/vaultenv-cli/internal/sync/conflicts.go:68.20,69.70 1 0
github.com/vaultenv/vaultenv-cli/internal/sync/conflicts.go:70.22,71.72 1 0
github.com/vaultenv/vaultenv-cli/internal/sync/conflicts.go:72.22,73.76 1 0
github.com/vaultenv/vaultenv-cli/internal/sync/conflicts.go:73.76,75.4 1 0
github.com/vaultenv/vaultenv-cli/internal/sync/conflicts.go:76.3,76.72 1 0
github.com/vaultenv/vaultenv-cli/internal/sync/conflicts.go:77.22,78.33 1 0
github.com/vaultenv/vaultenv-cli/internal/sync/conflicts.go:79.10,80.71 1 0
github.com/vaultenv/vaultenv-cli/internal/sync/conflicts.go:85.82,87.49 1 0
github.com/vaultenv/vaultenv-cli/internal/sync/conflicts.go:87.49,89.3 1 0
github.com/vaultenv/vaultenv-cli/internal/sync/conflicts.go:92.2,92.61 1 0
github.com/vaultenv/vaultenv-cli/internal/sync/conflicts.go:92.61,95.3 1 0
github.com/vaultenv/vaultenv-cli/internal/sync/conflicts.go:96.2,96.61 1 0
github.com/vaultenv/vaultenv-cli/internal/sync/conflicts.go:96.61,99.3 1 0
github.com/vaultenv/vaultenv-cli/internal/sync/conflicts.go:102.2,102.93 1 0
github.com/vaultenv/vaultenv-cli/internal/sync/conflicts.go:102.93,105.3 1 0
github.com/vaultenv/vaultenv-cli/internal/sync/conflicts.go:106.2,106.93 1 0
github.com/vaultenv/vaultenv-cli/internal/sync/conflicts.go:106.93,109.3 1 0
github.com/vaultenv/vaultenv-cli/internal/sync/conflicts.go:112.2,112.28 1 0
github.com/vaultenv/vaultenv-cli/internal/sync/conflicts.go:116.79,139.16 6 0
github.com/vaultenv/vaultenv-cli/internal/sync/conflicts.go:140.9,141.70 1 0
github.com/vaultenv/vaultenv-cli/internal/sync/conflicts.go:142.9,143.72 1 0
github.com/vaultenv/vaultenv-cli/internal/sync/conflicts.go:144.9,146.36 1 0
github.com/vaultenv/vaultenv-cli/internal/sync/conflicts.go:147.9,150.60 2 0
github.com/vaultenv/vaultenv-cli/internal/sync/conflicts.go:151.9,152.37 1 0
github.com/vaultenv/vaultenv-cli/internal/sync/conflicts.go:153.10,154.52 1 0
github.com/vaultenv/vaultenv-cli/internal/sync/conflicts.go:159.82,172.16 6 0
github.com/vaultenv/vaultenv-cli/internal/sync/conflicts.go:173.9,174.70 1 0
github.com/vaultenv/vaultenv-cli/internal/sync/conflicts.go:175.9,176.72 1 0
github.com/vaultenv/vaultenv-cli/internal/sync/conflicts.go:177.9,179.60 2 0
github.com/vaultenv/vaultenv-cli/internal/sync/conflicts.go:180.9,181.37 1 0
github.com/vaultenv/vaultenv-cli/internal/sync/conflicts.go:182.10,183.52 1 0
github.com/vaultenv/vaultenv-cli/internal/sync/conflicts.go:188.37,189.17 1 0
github.com/vaultenv/vaultenv-cli/internal/sync/conflicts.go:189.17,191.3 1 0
github.com/vaultenv/vaultenv-cli/internal/sync/conflicts.go:192.2,192.21 1 0
github.com/vaultenv/vaultenv-cli/internal/sync/conflicts.go:192.21,194.3 1 0
github.com/vaultenv/vaultenv-cli/internal/sync/conflicts.go:196.2,196.77 1 0
github.com/vaultenv/vaultenv-cli/internal/sync/conflicts.go:206.68,212.40 4 0
github.com/vaultenv/vaultenv-cli/internal/sync/conflicts.go:212.40,216.17 3 0
github.com/vaultenv/vaultenv-cli/internal/sync/conflicts.go:216.17,219.4 1 0
github.com/vaultenv/vaultenv-cli/internal/sync/conflicts.go:221.3,221.23 1 0
github.com/vaultenv/vaultenv-cli/internal/sync/conflicts.go:221.23,224.4 2 0
github.com/vaultenv/vaultenv-cli/internal/sync/conflicts.go:227.2,227.25 1 0
github.com/vaultenv/vaultenv-cli/internal/sync/conflicts.go:231.74,234.41 2 0
github.com/vaultenv/vaultenv-cli/internal/sync/conflicts.go:234.41,235.28 1 0
github.com/vaultenv/vaultenv-cli/internal/sync/conflicts.go:236.16,237.11 1 0
github.com/vaultenv/vaultenv-cli/internal/sync/conflicts.go:238.17,239.12 1 0
github.com/vaultenv/vaultenv-cli/internal/sync/conflicts.go:240.17,241.12 1 0
github.com/vaultenv/vaultenv-cli/internal/sync/conflicts.go:246.2,249.53 2 0
github.com/vaultenv/vaultenv-cli/internal/sync/git_conflicts.go:22.98,27.2 1 0
github.com/vaultenv/vaultenv-cli/internal/sync/git_conflicts.go:30.71,35.84 3 0
github.com/vaultenv/vaultenv-cli/internal/sync/git_conflicts.go:35.84,36.17 1 0
github.com/vaultenv/vaultenv-cli/internal/sync/git_conflicts.go:36.17,38.4 1 0
github.com/vaultenv/vaultenv-cli/internal/sync/git_conflicts.go:41.3,41.55 1 0
github.com/vaultenv/vaultenv-cli/internal/sync/git_conflicts.go:41.55,43.4 1 0
github.com/vaultenv/vaultenv-cli/internal/sync/git_conflicts.go:46.3,46.31 1 0
github.com/vaultenv/vaultenv-cli/internal/sync/git_conflicts.go:46.31,48.18 2 0
github.com/vaultenv/vaultenv-cli/internal/sync/git_conflicts.go:48.18,50.5 1 0
github.com/vaultenv/vaultenv-cli/internal/sync/git_conflicts.go:51.4,51.23 1 0
github.com/vaultenv/vaultenv-cli/internal/sync/git_conflicts.go:51.23,53.5 1 0
github.com/vaultenv/vaultenv-cli/internal/sync/git_conflicts.go:56.3,56.13 1 0
github.com/vaultenv/vaultenv-cli/internal/sync/git_conflicts.go:59.2,59.16 1 0
github.com/vaultenv/vaultenv-cli/internal/sync/git_conflicts.go:59.16,61.3 1 0
github.com/vaultenv/vaultenv-cli/internal/sync/git_conflicts.go:63.2,63.23 1 0
github.com/vaultenv/vaultenv-cli/internal/sync/git_conflicts.go:67.43,69.16 2 0
github.com/vaultenv/vaultenv-cli/internal/sync/git_conflicts.go:69.16,71.3 1 0
github.com/vaultenv/vaultenv-cli/internal/sync/git_conflicts.go:72.2,75.21 3 0
github.com/vaultenv/vaultenv-cli/internal/sync/git_conflicts.go:75.21,79.39 2 0
github.com/vaultenv/vaultenv-cli/internal/sync/git_conflicts.go:79.39,81.4 1 0
github.com/vaultenv/vaultenv-cli/internal/sync/git_conflicts.go:84.2,84.14 1 0
github.com/vaultenv/vaultenv-cli/internal/sync/git_conflicts.go:88.83,90.16 2 0
github.com/vaultenv/vaultenv-cli/internal/sync/git_conflicts.go:90.16,92.3 1 0
github.com/vaultenv/vaultenv-cli/internal/sync/git_conflicts.go:93.2,98.20 3 0
github.com/vaultenv/vaultenv-cli/internal/sync/git_conflicts.go:98.20,100.3 1 0
github.com/vaultenv/vaultenv-cli/internal/sync/git_conflicts.go:102.2,115.21 5 0
github.com/vaultenv/vaultenv-cli/internal/sync/git_conflicts.go:115.21,118.41 2 0
github.com/vaultenv/vaultenv-cli/internal/sync/git_conflicts.go:118.41,120.12 2 0
github.com/vaultenv/vaultenv-cli/internal/sync/git_conflicts.go:121.9,121.48 1 0
github.com/vaultenv/vaultenv-cli/internal/sync/git_conflicts.go:121.48,124.12 3 0
github.com/vaultenv/vaultenv-cli/internal/sync/git_conflicts.go:125.9,125.48 1 0
github.com/vaultenv/vaultenv-cli/internal/sync/git_conflicts.go:125.48,127.12 2 0
github.com/vaultenv/vaultenv-cli/internal/sync/git_conflicts.go:130.3,130.13 1 0
github.com/vaultenv/vaultenv-cli/internal/sync/git_conflicts.go:130.13,132.4 1 0
github.com/vaultenv/vaultenv-cli/internal/sync/git_conflicts.go:132.9,132.22 1 0
github.com/vaultenv/vaultenv-cli/internal/sync/git_conflicts.go:132.22,134.4 1 0
github.com/vaultenv/vaultenv-cli/internal/sync/git_conflicts.go:134.9,136.4 1 0
github.com/vaultenv/vaultenv-cli/internal/sync/git_conflicts.go:140.2,163.22 5 0
github.com/vaultenv/vaultenv-cli/internal/sync/git_conflicts.go:167.42,168.29 1 0
github.com/vaultenv/vaultenv-cli/internal/sync/git_conflicts.go:168.29,170.87 1 0
github.com/vaultenv/vaultenv-cli/internal/sync/git_conflicts.go:170.87,171.12 1 0
github.com/vaultenv/vaultenv-cli/internal/sync/git_conflicts.go:175.3,175.47 1 0
github.com/vaultenv/vaultenv-cli/internal/sync/git_conflicts.go:175.47,177.4 1 0
github.com/vaultenv/vaultenv-cli/internal/sync/git_conflicts.go:179.2,179.11 1 0
github.com/vaultenv/vaultenv-cli/internal/sync/git_conflicts.go:183.30,185.54 1 0
github.com/vaultenv/vaultenv-cli/internal/sync/git_conflicts.go:185.54,187.3 1 0
github.com/vaultenv/vaultenv-cli/internal/sync/git_conflicts.go:190.2,190.43 1 0
github.com/vaultenv/vaultenv-cli/internal/sync/git_conflicts.go:190.43,192.3 1 0
github.com/vaultenv/vaultenv-cli/internal/sync/git_conflicts.go:194.2,194.18 1 0
github.com/vaultenv/vaultenv-cli/internal/sync/git_conflicts.go:198.86,201.16 2 0
github.com/vaultenv/vaultenv-cli/internal/sync/git_conflicts.go:201.16,203.3 1 0
github.com/vaultenv/vaultenv-cli/internal/sync/git_conflicts.go:206.2,208.29 3 0
github.com/vaultenv/vaultenv-cli/internal/sync/git_conflicts.go:208.29,209.70 1 0
github.com/vaultenv/vaultenv-cli/internal/sync/git_conflicts.go:209.70,211.4 1 0
github.com/vaultenv/vaultenv-cli/internal/sync/git_conflicts.go:215.2,216.32 2 0
github.com/vaultenv/vaultenv-cli/internal/sync/git_conflicts.go:216.32,218.3 1 0
github.com/vaultenv/vaultenv-cli/internal/sync/git_conflicts.go:219.2,222.78 2 0
github.com/vaultenv/vaultenv-cli/internal/sync/git_conflicts.go:222.78,224.3 1 0
github.com/vaultenv/vaultenv-cli/internal/sync/git_conflicts.go:226.2,226.12 1 0
github.com/vaultenv/vaultenv-cli/internal/sync/git_conflicts.go:230.65,233.2 1 0
github.com/vaultenv/vaultenv-cli/internal/config/config.go:173.30,308.2 1 1
github.com/vaultenv/vaultenv-cli/internal/config/config.go:311.30,313.16 2 0
github.com/vaultenv/vaultenv-cli/internal/config/config.go:313.16,315.25 1 0
github.com/vaultenv/vaultenv-cli/internal/config/config.go:315.25,317.4 1 0
github.com/vaultenv/vaultenv-cli/internal/config/config.go:318.3,318.63 1 0
github.com/vaultenv/vaultenv-cli/internal/config/config.go:321.2,321.33 1 0
github.com/vaultenv/vaultenv-cli/internal/config/config.go:325.49,327.16 2 1
github.com/vaultenv/vaultenv-cli/internal/config/config.go:327.16,329.3 1 0
github.com/vaultenv/vaultenv-cli/internal/config/config.go:330.2,332.29 2 1
github.com/vaultenv/vaultenv-cli/internal/config/config.go:336.51,340.47 3 1
github.com/vaultenv/vaultenv-cli/internal/config/config.go:340.47,342.3 1 0
github.com/vaultenv/vaultenv-cli/internal/config/config.go:345.2,345.28 1 1
github.com/vaultenv/vaultenv-cli/internal/config/config.go:345.28,347.17 2 1
github.com/vaultenv/vaultenv-cli/internal/config/config.go:347.17,349.4 1 0
github.com/vaultenv/vaultenv-cli/internal/config/config.go:350.3,350.26 1 1
github.com/vaultenv/vaultenv-cli/internal/config/config.go:354.2,354.42 1 1
github.com/vaultenv/vaultenv-cli/internal/config/config.go:354.42,356.3 1 0
github.com/vaultenv/vaultenv-cli/internal/config/config.go:358.2,358.20 1 1
github.com/vaultenv/vaultenv-cli/internal/config/config.go:362.31,365.2 2 0
github.com/vaultenv/vaultenv-cli/internal/config/config.go:368.48,371.47 2 1
github.com/vaultenv/vaultenv-cli/internal/config/config.go:371.47,373.3 1 0
github.com/vaultenv/vaultenv-cli/internal/config/config.go:375.2,376.16 2 1
github.com/vaultenv/vaultenv-cli/internal/config/config.go:376.16,378.3 1 0
github.com/vaultenv/vaultenv-cli/internal/config/config.go:379.2,381.29 2 1
github.com/vaultenv/vaultenv-cli/internal/config/config.go:385.50,390.42 4 1
github.com/vaultenv/vaultenv-cli/internal/config/config.go:390.42,392.3 1 0
github.com/vaultenv/vaultenv-cli/internal/config/config.go:394.2,394.12 1 1
github.com/vaultenv/vaultenv-cli/internal/config/config.go:398.35,400.21 1 1
github.com/vaultenv/vaultenv-cli/internal/config/config.go:400.21,402.3 1 1
github.com/vaultenv/vaultenv-cli/internal/config/config.go:405.2,405.26 1 1
github.com/vaultenv/vaultenv-cli/internal/config/config.go:405.26,407.3 1 1
github.com/vaultenv/vaultenv-cli/internal/config/config.go:410.2,411.31 2 1
github.com/vaultenv/vaultenv-cli/internal/config/config.go:411.31,413.3 1 1
github.com/vaultenv/vaultenv-cli/internal/config/config.go:416.2,420.41 2 1
github.com/vaultenv/vaultenv-cli/internal/config/config.go:420.41,422.3 1 1
github.com/vaultenv/vaultenv-cli/internal/config/config.go:425.2,430.49 2 1
github.com/vaultenv/vaultenv-cli/internal/config/config.go:430.49,432.3 1 1
github.com/vaultenv/vaultenv-cli/internal/config/config.go:435.2,440.64 2 1
github.com/vaultenv/vaultenv-cli/internal/config/config.go:440.64,442.3 1 1
github.com/vaultenv/vaultenv-cli/internal/config/config.go:445.2,450.30 2 1
github.com/vaultenv/vaultenv-cli/internal/config/config.go:450.30,452.3 1 1
github.com/vaultenv/vaultenv-cli/internal/config/config.go:454.2,454.12 1 1
github.com/vaultenv/vaultenv-cli/internal/config/config.go:458.47,459.18 1 1
github.com/vaultenv/vaultenv-cli/internal/config/config.go:459.18,461.3 1 1
github.com/vaultenv/vaultenv-cli/internal/config/config.go:464.2,467.25 2 1
github.com/vaultenv/vaultenv-cli/internal/config/config.go:467.25,469.3 1 1
github.com/vaultenv/vaultenv-cli/internal/config/config.go:472.2,472.30 1 1
github.com/vaultenv/vaultenv-cli/internal/config/config.go:472.30,474.3 1 1
github.com/vaultenv/vaultenv-cli/internal/config/config.go:475.2,475.28 1 1
github.com/vaultenv/vaultenv-cli/internal/config/config.go:475.28,477.3 1 0
github.com/vaultenv/vaultenv-cli/internal/config/config.go:478.2,478.37 1 1
github.com/vaultenv/vaultenv-cli/internal/config/config.go:478.37,480.3 1 0
github.com/vaultenv/vaultenv-cli/internal/config/config.go:481.2,481.30 1 1
github.com/vaultenv/vaultenv-cli/internal/config/config.go:481.30,483.3 1 1
github.com/vaultenv/vaultenv-cli/internal/config/config.go:484.2,484.33 1 1
github.com/vaultenv/vaultenv-cli/internal/config/config.go:484.33,486.3 1 0
github.com/vaultenv/vaultenv-cli/internal/config/config.go:487.2,487.37 1 1
github.com/vaultenv/vaultenv-cli/internal/config/config.go:487.37,489.3 1 0
github.com/vaultenv/vaultenv-cli/internal/config/config.go:494.2,494.16 1 1
github.com/vaultenv/vaultenv-cli/internal/config/config.go:498.39,500.16 2 0
github.com/vaultenv/vaultenv-cli/internal/config/config.go:500.16,502.3 1 0
github.com/vaultenv/vaultenv-cli/internal/config/config.go:504.2,504.6 1 0
github.com/vaultenv/vaultenv-cli/internal/config/config.go:504.6,506.48 2 0
github.com/vaultenv/vaultenv-cli/internal/config/config.go:506.48,508.4 1 0
github.com/vaultenv/vaultenv-cli/internal/config/config.go:511.3,512.20 2 0
github.com/vaultenv/vaultenv-cli/internal/config/config.go:512.20,513.9 1 0
github.com/vaultenv/vaultenv-cli/internal/config/config.go:515.3,515.15 1 0
github.com/vaultenv/vaultenv-cli/internal/config/config.go:518.2,518.27 1 0
github.com/vaultenv/vaultenv-cli/internal/config/config.go:522.40,523.34 1 1
github.com/vaultenv/vaultenv-cli/internal/config/config.go:523.34,525.3 1 1
github.com/vaultenv/vaultenv-cli/internal/config/config.go:528.2,529.41 2 1
github.com/vaultenv/vaultenv-cli/internal/config/config.go:529.41,531.3 1 1
github.com/vaultenv/vaultenv-cli/internal/config/config.go:533.2,533.62 1 1
github.com/vaultenv/vaultenv-cli/internal/config/config.go:537.56,538.23 1 1
github.com/vaultenv/vaultenv-cli/internal/config/config.go:538.23,540.3 1 1
github.com/vaultenv/vaultenv-cli/internal/config/config.go:542.2,542.55 1 1
github.com/vaultenv/vaultenv-cli/internal/config/config.go:546.42,549.2 1 1
github.com/vaultenv/vaultenv-cli/internal/config/config.go:552.49,554.35 2 1
github.com/vaultenv/vaultenv-cli/internal/config/config.go:554.35,556.3 1 1
github.com/vaultenv/vaultenv-cli/internal/config/config.go:557.2,557.14 1 1
github.com/vaultenv/vaultenv-cli/internal/config/config.go:561.78,564.2 2 1
github.com/vaultenv/vaultenv-cli/internal/config/config.go:567.78,568.27 1 1
github.com/vaultenv/vaultenv-cli/internal/config/config.go:568.27,570.3 1 1
github.com/vaultenv/vaultenv-cli/internal/config/config.go:571.2,571.31 1 1
github.com/vaultenv/vaultenv-cli/internal/config/config.go:575.51,578.2 2 1
github.com/vaultenv/vaultenv-cli/internal/config/config.go:581.67,582.62 1 1
github.com/vaultenv/vaultenv-cli/internal/config/config.go:582.62,584.45 1 1
github.com/vaultenv/vaultenv-cli/internal/config/config.go:584.45,586.4 1 1
github.com/vaultenv/vaultenv-cli/internal/config/config.go:590.2,590.34 1 1
github.com/vaultenv/vaultenv-cli/internal/config/config.go:594.58,596.2 1 1
github.com/vaultenv/vaultenv-cli/internal/config/config.go:599.50,602.2 2 1
github.com/vaultenv/vaultenv-cli/internal/config/migration.go:11.50,12.16 1 1
github.com/vaultenv/vaultenv-cli/internal/config/migration.go:12.16,14.3 1 1
github.com/vaultenv/vaultenv-cli/internal/config/migration.go:17.2,17.21 1 1
github.com/vaultenv/vaultenv-cli/internal/config/migration.go:18.26,20.14 2 1
github.com/vaultenv/vaultenv-cli/internal/config/migration.go:21.15,22.27 1 1
github.com/vaultenv/vaultenv-cli/internal/config/migration.go:23.22,25.18 1 1
github.com/vaultenv/vaultenv-cli/internal/config/migration.go:26.10,29.27 2 1
github.com/vaultenv/vaultenv-cli/internal/config/migration.go:32.2,33.17 2 1
github.com/vaultenv/vaultenv-cli/internal/config/migration.go:38.41,40.29 1 1
github.com/vaultenv/vaultenv-cli/internal/config/migration.go:40.29,42.3 1 1
github.com/vaultenv/vaultenv-cli/internal/config/migration.go:45.2,45.44 1 1
github.com/vaultenv/vaultenv-cli/internal/config/migration.go:45.44,49.43 2 1
github.com/vaultenv/vaultenv-cli/internal/config/migration.go:49.43,50.15 1 1
github.com/vaultenv/vaultenv-cli/internal/config/migration.go:51.23,58.6 1 1
github.com/vaultenv/vaultenv-cli/internal/config/migration.go:59.19,66.6 1 1
github.com/vaultenv/vaultenv-cli/internal/config/migration.go:67.22,76.6 1 1
github.com/vaultenv/vaultenv-cli/internal/config/migration.go:77.12,79.56 1 1
github.com/vaultenv/vaultenv-cli/internal/config/migration.go:83.3,83.33 1 1
github.com/vaultenv/vaultenv-cli/internal/config/migration.go:87.2,87.32 1 1
github.com/vaultenv/vaultenv-cli/internal/config/migration.go:87.32,104.3 1 1
github.com/vaultenv/vaultenv-cli/internal/config/migration.go:107.2,108.12 2 1
github.com/vaultenv/vaultenv-cli/internal/config/migration.go:113.41,116.122 1 1
github.com/vaultenv/vaultenv-cli/internal/config/migration.go:116.122,128.3 1 1
github.com/vaultenv/vaultenv-cli/internal/config/migration.go:131.2,131.36 1 1
github.com/vaultenv/vaultenv-cli/internal/config/migration.go:131.36,137.3 1 1
github.com/vaultenv/vaultenv-cli/internal/config/migration.go:140.2,140.36 1 1
github.com/vaultenv/vaultenv-cli/internal/config/migration.go:140.36,142.3 1 1
github.com/vaultenv/vaultenv-cli/internal/config/migration.go:145.2,145.63 1 1
github.com/vaultenv/vaultenv-cli/internal/config/migration.go:145.63,147.3 1 1
github.com/vaultenv/vaultenv-cli/internal/config/migration.go:147.8,147.41 1 1
github.com/vaultenv/vaultenv-cli/internal/config/migration.go:147.41,149.3 1 1
github.com/vaultenv/vaultenv-cli/internal/config/migration.go:155.2,156.12 2 1
github.com/vaultenv/vaultenv-cli/internal/config/migration.go:160.39,162.2 1 1
github.com/vaultenv/vaultenv-cli/internal/config/migration.go:165.39,167.2 1 1
github.com/vaultenv/vaultenv-cli/pkg/dotenv/parser.go:24.26,32.2 1 1
github.com/vaultenv/vaultenv-cli/pkg/dotenv/parser.go:35.72,37.16 2 1
github.com/vaultenv/vaultenv-cli/pkg/dotenv/parser.go:37.16,39.3 1 1
github.com/vaultenv/vaultenv-cli/pkg/dotenv/parser.go:40.2,42.22 2 1
github.com/vaultenv/vaultenv-cli/pkg/dotenv/parser.go:48.69,53.21 4 1
github.com/vaultenv/vaultenv-cli/pkg/dotenv/parser.go:53.21,58.29 3 1
github.com/vaultenv/vaultenv-cli/pkg/dotenv/parser.go:58.29,59.12 1 1
github.com/vaultenv/vaultenv-cli/pkg/dotenv/parser.go:62.3,63.17 2 1
github.com/vaultenv/vaultenv-cli/pkg/dotenv/parser.go:63.17,64.23 1 1
github.com/vaultenv/vaultenv-cli/pkg/dotenv/parser.go:64.23,66.13 1 1
github.com/vaultenv/vaultenv-cli/pkg/dotenv/parser.go:68.4,68.55 1 1
github.com/vaultenv/vaultenv-cli/pkg/dotenv/parser.go:72.3,72.19 1 1
github.com/vaultenv/vaultenv-cli/pkg/dotenv/parser.go:72.19,74.4 1 1
github.com/vaultenv/vaultenv-cli/pkg/dotenv/parser.go:76.3,76.20 1 1
github.com/vaultenv/vaultenv-cli/pkg/dotenv/parser.go:79.2,79.28 1 1
github.com/vaultenv/vaultenv-cli/pkg/dotenv/parser.go:83.51,84.17 1 1
github.com/vaultenv/vaultenv-cli/pkg/dotenv/parser.go:84.17,86.3 1 1
github.com/vaultenv/vaultenv-cli/pkg/dotenv/parser.go:89.2,89.37 1 1
github.com/vaultenv/vaultenv-cli/pkg/dotenv/parser.go:89.37,91.3 1 1
github.com/vaultenv/vaultenv-cli/pkg/dotenv/parser.go:94.2,94.54 1 1
github.com/vaultenv/vaultenv-cli/pkg/dotenv/parser.go:94.54,96.3 1 1
github.com/vaultenv/vaultenv-cli/pkg/dotenv/parser.go:98.2,98.14 1 1
github.com/vaultenv/vaultenv-cli/pkg/dotenv/parser.go:107.72,108.17 1 1
github.com/vaultenv/vaultenv-cli/pkg/dotenv/parser.go:108.17,110.3 1 1
github.com/vaultenv/vaultenv-cli/pkg/dotenv/parser.go:113.2,117.22 3 1
github.com/vaultenv/vaultenv-cli/pkg/dotenv/parser.go:117.22,119.3 1 1
github.com/vaultenv/vaultenv-cli/pkg/dotenv/parser.go:121.2,124.17 3 1
github.com/vaultenv/vaultenv-cli/pkg/dotenv/parser.go:124.17,126.3 1 1
github.com/vaultenv/vaultenv-cli/pkg/dotenv/parser.go:129.2,129.29 1 1
github.com/vaultenv/vaultenv-cli/pkg/dotenv/parser.go:129.29,131.3 1 1
github.com/vaultenv/vaultenv-cli/pkg/dotenv/parser.go:134.2,135.16 2 1
github.com/vaultenv/vaultenv-cli/pkg/dotenv/parser.go:135.16,137.3 1 0
github.com/vaultenv/vaultenv-cli/pkg/dotenv/parser.go:139.2,139.24 1 1
github.com/vaultenv/vaultenv-cli/pkg/dotenv/parser.go:145.42,146.20 1 1
github.com/vaultenv/vaultenv-cli/pkg/dotenv/parser.go:146.20,148.3 1 1
github.com/vaultenv/vaultenv-cli/pkg/dotenv/parser.go:151.2,153.19 1 1
github.com/vaultenv/vaultenv-cli/pkg/dotenv/parser.go:153.19,155.3 1 1
github.com/vaultenv/vaultenv-cli/pkg/dotenv/parser.go:158.2,158.33 1 1
github.com/vaultenv/vaultenv-cli/pkg/dotenv/parser.go:158.33,163.14 2 1
github.com/vaultenv/vaultenv-cli/pkg/dotenv/parser.go:163.14,165.4 1 1
github.com/vaultenv/vaultenv-cli/pkg/dotenv/parser.go:168.2,168.13 1 1
github.com/vaultenv/vaultenv-cli/pkg/dotenv/parser.go:172.61,173.17 1 1
github.com/vaultenv/vaultenv-cli/pkg/dotenv/parser.go:173.17,175.3 1 1
github.com/vaultenv/vaultenv-cli/pkg/dotenv/parser.go:178.2,178.21 1 1
github.com/vaultenv/vaultenv-cli/pkg/dotenv/parser.go:178.21,180.3 1 1
github.com/vaultenv/vaultenv-cli/pkg/dotenv/parser.go:183.2,183.70 1 1
github.com/vaultenv/vaultenv-cli/pkg/dotenv/parser.go:183.70,188.3 2 1
github.com/vaultenv/vaultenv-cli/pkg/dotenv/parser.go:191.2,191.72 1 1
github.com/vaultenv/vaultenv-cli/pkg/dotenv/parser.go:191.72,193.3 1 1
github.com/vaultenv/vaultenv-cli/pkg/dotenv/parser.go:196.2,196.56 1 1
github.com/vaultenv/vaultenv-cli/pkg/dotenv/parser.go:196.56,198.3 1 1
github.com/vaultenv/vaultenv-cli/pkg/dotenv/parser.go:202.71,206.21 3 1
github.com/vaultenv/vaultenv-cli/pkg/dotenv/parser.go:206.21,207.43 1 1
github.com/vaultenv/vaultenv-cli/pkg/dotenv/parser.go:207.43,208.22 1 1
github.com/vaultenv/vaultenv-cli/pkg/dotenv/parser.go:209.13,210.27 1 1
github.com/vaultenv/vaultenv-cli/pkg/dotenv/parser.go:211.13,212.27 1 1
github.com/vaultenv/vaultenv-cli/pkg/dotenv/parser.go:213.13,214.27 1 1
github.com/vaultenv/vaultenv-cli/pkg/dotenv/parser.go:215.14,216.27 1 1
github.com/vaultenv/vaultenv-cli/pkg/dotenv/parser.go:217.13,218.26 1 1
github.com/vaultenv/vaultenv-cli/pkg/dotenv/parser.go:219.13,221.25 1 1
github.com/vaultenv/vaultenv-cli/pkg/dotenv/parser.go:221.25,223.63 2 1
github.com/vaultenv/vaultenv-cli/pkg/dotenv/parser.go:223.63,226.15 3 1
github.com/vaultenv/vaultenv-cli/pkg/dotenv/parser.go:230.5,231.33 2 0
github.com/vaultenv/vaultenv-cli/pkg/dotenv/parser.go:232.12,235.33 2 0
github.com/vaultenv/vaultenv-cli/pkg/dotenv/parser.go:237.4,237.10 1 1
github.com/vaultenv/vaultenv-cli/pkg/dotenv/parser.go:238.9,241.4 2 1
github.com/vaultenv/vaultenv-cli/pkg/dotenv/parser.go:244.2,244.29 1 1
github.com/vaultenv/vaultenv-cli/pkg/dotenv/parser.go:248.79,252.66 2 1
github.com/vaultenv/vaultenv-cli/pkg/dotenv/parser.go:252.66,255.37 2 1
github.com/vaultenv/vaultenv-cli/pkg/dotenv/parser.go:255.37,257.4 1 1
github.com/vaultenv/vaultenv-cli/pkg/dotenv/parser.go:257.9,259.4 1 1
github.com/vaultenv/vaultenv-cli/pkg/dotenv/parser.go:262.3,262.35 1 1
github.com/vaultenv/vaultenv-cli/pkg/dotenv/parser.go:262.35,264.4 1 1
github.com/vaultenv/vaultenv-cli/pkg/dotenv/parser.go:267.3,267.43 1 1
github.com/vaultenv/vaultenv-cli/pkg/dotenv/parser.go:267.43,269.4 1 1
github.com/vaultenv/vaultenv-cli/pkg/dotenv/parser.go:272.3,272.15 1 1
github.com/vaultenv/vaultenv-cli/pkg/dotenv/parser.go:286.74,291.21 4 1
github.com/vaultenv/vaultenv-cli/pkg/dotenv/parser.go:291.21,296.29 4 1
github.com/vaultenv/vaultenv-cli/pkg/dotenv/parser.go:296.29,297.12 1 1
github.com/vaultenv/vaultenv-cli/pkg/dotenv/parser.go:300.3,301.17 2 1
github.com/vaultenv/vaultenv-cli/pkg/dotenv/parser.go:301.17,302.23 1 0
github.com/vaultenv/vaultenv-cli/pkg/dotenv/parser.go:302.23,303.13 1 0
github.com/vaultenv/vaultenv-cli/pkg/dotenv/parser.go:305.4,305.55 1 0
github.com/vaultenv/vaultenv-cli/pkg/dotenv/parser.go:309.3,309.19 1 1
github.com/vaultenv/vaultenv-cli/pkg/dotenv/parser.go:309.19,312.32 2 0
github.com/vaultenv/vaultenv-cli/pkg/dotenv/parser.go:312.32,314.5 1 0
github.com/vaultenv/vaultenv-cli/pkg/dotenv/parser.go:315.4,315.50 1 0
github.com/vaultenv/vaultenv-cli/pkg/dotenv/parser.go:318.3,323.5 1 1
github.com/vaultenv/vaultenv-cli/pkg/dotenv/parser.go:326.2,326.33 1 1
github.com/vaultenv/vaultenv-cli/pkg/dotenv/parser.go:340.85,348.21 6 1
github.com/vaultenv/vaultenv-cli/pkg/dotenv/parser.go:348.21,354.36 4 1
github.com/vaultenv/vaultenv-cli/pkg/dotenv/parser.go:354.36,356.12 2 1
github.com/vaultenv/vaultenv-cli/pkg/dotenv/parser.go:360.3,360.54 1 1
github.com/vaultenv/vaultenv-cli/pkg/dotenv/parser.go:360.54,362.24 2 1
github.com/vaultenv/vaultenv-cli/pkg/dotenv/parser.go:362.24,363.13 1 1
github.com/vaultenv/vaultenv-cli/pkg/dotenv/parser.go:367.3,367.29 1 1
github.com/vaultenv/vaultenv-cli/pkg/dotenv/parser.go:367.29,368.12 1 0
github.com/vaultenv/vaultenv-cli/pkg/dotenv/parser.go:371.3,372.17 2 1
github.com/vaultenv/vaultenv-cli/pkg/dotenv/parser.go:372.17,374.23 2 1
github.com/vaultenv/vaultenv-cli/pkg/dotenv/parser.go:374.23,375.13 1 1
github.com/vaultenv/vaultenv-cli/pkg/dotenv/parser.go:377.4,377.62 1 0
github.com/vaultenv/vaultenv-cli/pkg/dotenv/parser.go:381.3,381.16 1 1
github.com/vaultenv/vaultenv-cli/pkg/dotenv/parser.go:381.16,383.4 1 1
github.com/vaultenv/vaultenv-cli/pkg/dotenv/parser.go:384.3,387.19 2 1
github.com/vaultenv/vaultenv-cli/pkg/dotenv/parser.go:387.19,389.4 1 0
github.com/vaultenv/vaultenv-cli/pkg/dotenv/parser.go:391.3,392.20 2 1
github.com/vaultenv/vaultenv-cli/pkg/dotenv/parser.go:395.2,395.35 1 1
github.com/vaultenv/vaultenv-cli/pkg/export/formats.go:38.42,47.2 1 1
github.com/vaultenv/vaultenv-cli/pkg/export/formats.go:49.76,51.29 1 1
github.com/vaultenv/vaultenv-cli/pkg/export/formats.go:51.29,53.3 1 1
github.com/vaultenv/vaultenv-cli/pkg/export/formats.go:56.2,59.28 2 1
github.com/vaultenv/vaultenv-cli/pkg/export/formats.go:59.28,63.3 3 1
github.com/vaultenv/vaultenv-cli/pkg/export/formats.go:66.2,66.27 1 1
github.com/vaultenv/vaultenv-cli/pkg/export/formats.go:66.27,70.45 2 1
github.com/vaultenv/vaultenv-cli/pkg/export/formats.go:70.45,72.4 1 1
github.com/vaultenv/vaultenv-cli/pkg/export/formats.go:75.3,75.22 1 1
github.com/vaultenv/vaultenv-cli/pkg/export/formats.go:75.22,77.4 1 1
github.com/vaultenv/vaultenv-cli/pkg/export/formats.go:77.9,79.4 1 1
github.com/vaultenv/vaultenv-cli/pkg/export/formats.go:82.2,82.12 1 1
github.com/vaultenv/vaultenv-cli/pkg/export/formats.go:85.49,87.2 1 1
github.com/vaultenv/vaultenv-cli/pkg/export/formats.go:89.47,91.2 1 1
github.com/vaultenv/vaultenv-cli/pkg/export/formats.go:94.58,97.2 1 1
github.com/vaultenv/vaultenv-cli/pkg/export/formats.go:107.38,116.2 1 1
github.com/vaultenv/vaultenv-cli/pkg/export/formats.go:118.74,120.29 1 1
github.com/vaultenv/vaultenv-cli/pkg/export/formats.go:120.29,122.3 1 1
github.com/vaultenv/vaultenv-cli/pkg/export/formats.go:124.2,125.19 2 1
github.com/vaultenv/vaultenv-cli/pkg/export/formats.go:125.19,127.3 1 1
github.com/vaultenv/vaultenv-cli/pkg/export/formats.go:130.2,130.24 1 1
github.com/vaultenv/vaultenv-cli/pkg/export/formats.go:130.24,139.28 4 1
github.com/vaultenv/vaultenv-cli/pkg/export/formats.go:139.28,141.4 1 1
github.com/vaultenv/vaultenv-cli/pkg/export/formats.go:145.3,145.30 1 1
github.com/vaultenv/vaultenv-cli/pkg/export/formats.go:148.2,148.29 1 0
github.com/vaultenv/vaultenv-cli/pkg/export/formats.go:151.47,153.2 1 1
github.com/vaultenv/vaultenv-cli/pkg/export/formats.go:155.45,157.2 1 1
github.com/vaultenv/vaultenv-cli/pkg/export/formats.go:165.38,172.2 1 1
github.com/vaultenv/vaultenv-cli/pkg/export/formats.go:174.74,176.29 1 1
github.com/vaultenv/vaultenv-cli/pkg/export/formats.go:176.29,178.3 1 0
github.com/vaultenv/vaultenv-cli/pkg/export/formats.go:181.2,181.28 1 1
github.com/vaultenv/vaultenv-cli/pkg/export/formats.go:181.28,184.3 2 1
github.com/vaultenv/vaultenv-cli/pkg/export/formats.go:186.2,189.29 3 1
github.com/vaultenv/vaultenv-cli/pkg/export/formats.go:192.47,194.2 1 1
github.com/vaultenv/vaultenv-cli/pkg/export/formats.go:196.45,198.2 1 1
github.com/vaultenv/vaultenv-cli/pkg/export/formats.go:208.40,218.2 1 1
github.com/vaultenv/vaultenv-cli/pkg/export/formats.go:220.75,222.29 1 1
github.com/vaultenv/vaultenv-cli/pkg/export/formats.go:222.29,224.3 1 0
github.com/vaultenv/vaultenv-cli/pkg/export/formats.go:227.2,228.28 2 1
github.com/vaultenv/vaultenv-cli/pkg/export/formats.go:228.28,232.3 3 1
github.com/vaultenv/vaultenv-cli/pkg/export/formats.go:233.2,238.27 3 1
github.com/vaultenv/vaultenv-cli/pkg/export/formats.go:238.27,243.19 3 1
github.com/vaultenv/vaultenv-cli/pkg/export/formats.go:243.19,245.4 1 1
github.com/vaultenv/vaultenv-cli/pkg/export/formats.go:245.9,247.4 1 1
github.com/vaultenv/vaultenv-cli/pkg/export/formats.go:250.2,250.12 1 1
github.com/vaultenv/vaultenv-cli/pkg/export/formats.go:253.48,255.2 1 1
github.com/vaultenv/vaultenv-cli/pkg/export/formats.go:257.46,259.2 1 1
github.com/vaultenv/vaultenv-cli/pkg/export/formats.go:267.42,275.2 1 1
github.com/vaultenv/vaultenv-cli/pkg/export/formats.go:277.76,279.29 1 1
github.com/vaultenv/vaultenv-cli/pkg/export/formats.go:279.29,281.3 1 1
github.com/vaultenv/vaultenv-cli/pkg/export/formats.go:284.2,284.28 1 1
github.com/vaultenv/vaultenv-cli/pkg/export/formats.go:284.28,289.3 4 1
github.com/vaultenv/vaultenv-cli/pkg/export/formats.go:292.2,294.27 2 1
github.com/vaultenv/vaultenv-cli/pkg/export/formats.go:294.27,298.3 2 1
github.com/vaultenv/vaultenv-cli/pkg/export/formats.go:300.2,300.12 1 1
github.com/vaultenv/vaultenv-cli/pkg/export/formats.go:303.49,305.2 1 1
github.com/vaultenv/vaultenv-cli/pkg/export/formats.go:307.47,309.2 1 1
github.com/vaultenv/vaultenv-cli/pkg/export/formats.go:319.86,321.16 2 1
github.com/vaultenv/vaultenv-cli/pkg/export/formats.go:321.16,323.3 1 1
github.com/vaultenv/vaultenv-cli/pkg/export/formats.go:325.2,332.8 1 1
github.com/vaultenv/vaultenv-cli/pkg/export/formats.go:335.78,337.29 1 1
github.com/vaultenv/vaultenv-cli/pkg/export/formats.go:337.29,339.3 1 0
github.com/vaultenv/vaultenv-cli/pkg/export/formats.go:342.2,349.43 2 1
github.com/vaultenv/vaultenv-cli/pkg/export/formats.go:349.43,351.3 1 0
github.com/vaultenv/vaultenv-cli/pkg/export/formats.go:353.2,353.36 1 1
github.com/vaultenv/vaultenv-cli/pkg/export/formats.go:356.51,358.2 1 0
github.com/vaultenv/vaultenv-cli/pkg/export/formats.go:360.49,362.2 1 0
github.com/vaultenv/vaultenv-cli/pkg/export/formats.go:368.44,370.2 1 1
github.com/vaultenv/vaultenv-cli/pkg/export/formats.go:373.75,374.33 1 1
github.com/vaultenv/vaultenv-cli/pkg/export/formats.go:375.23,376.34 1 1
github.com/vaultenv/vaultenv-cli/pkg/export/formats.go:377.14,378.32 1 1
github.com/vaultenv/vaultenv-cli/pkg/export/formats.go:379.21,380.32 1 1
github.com/vaultenv/vaultenv-cli/pkg/export/formats.go:381.29,382.33 1 1
github.com/vaultenv/vaultenv-cli/pkg/export/formats.go:383.30,384.34 1 1
github.com/vaultenv/vaultenv-cli/pkg/export/formats.go:385.10,386.66 1 1
github.com/vaultenv/vaultenv-cli/pkg/export/formats.go:391.58,393.2 1 1
github.com/vaultenv/vaultenv-cli/pkg/export/formats.go:398.66,400.25 2 1
github.com/vaultenv/vaultenv-cli/pkg/export/formats.go:400.25,401.14 1 1
github.com/vaultenv/vaultenv-cli/pkg/export/formats.go:401.14,403.4 1 1
github.com/vaultenv/vaultenv-cli/pkg/export/formats.go:405.2,405.15 1 1
github.com/vaultenv/vaultenv-cli/pkg/export/formats.go:409.70,411.22 2 1
github.com/vaultenv/vaultenv-cli/pkg/export/formats.go:411.22,413.3 1 1
github.com/vaultenv/vaultenv-cli/pkg/export/formats.go:414.2,414.16 1 1
github.com/vaultenv/vaultenv-cli/pkg/export/formats.go:414.16,416.3 1 1
github.com/vaultenv/vaultenv-cli/pkg/export/formats.go:417.2,417.13 1 1
github.com/vaultenv/vaultenv-cli/pkg/export/formats.go:421.39,424.35 1 1
github.com/vaultenv/vaultenv-cli/pkg/export/formats.go:424.35,426.3 1 1
github.com/vaultenv/vaultenv-cli/pkg/export/formats.go:429.2,430.28 2 1
github.com/vaultenv/vaultenv-cli/pkg/export/formats.go:434.40,437.49 1 1
github.com/vaultenv/vaultenv-cli/pkg/export/formats.go:437.49,439.3 1 1
github.com/vaultenv/vaultenv-cli/pkg/export/formats.go:440.2,440.14 1 1
github.com/vaultenv/vaultenv-cli/pkg/export/formats.go:444.35,448.2 1 1
github.com/vaultenv/vaultenv-cli/pkg/access/control.go:51.67,55.2 1 1
github.com/vaultenv/vaultenv-cli/pkg/access/control.go:71.80,74.16 2 1
github.com/vaultenv/vaultenv-cli/pkg/access/control.go:74.16,76.3 1 0
github.com/vaultenv/vaultenv-cli/pkg/access/control.go:79.2,80.13 2 1
github.com/vaultenv/vaultenv-cli/pkg/access/control.go:80.13,83.3 1 1
github.com/vaultenv/vaultenv-cli/pkg/access/control.go:86.2,86.53 1 1
github.com/vaultenv/vaultenv-cli/pkg/access/control.go:86.53,87.48 1 1
github.com/vaultenv/vaultenv-cli/pkg/access/control.go:87.48,89.4 1 1
github.com/vaultenv/vaultenv-cli/pkg/access/control.go:93.2,93.42 1 1
github.com/vaultenv/vaultenv-cli/pkg/access/control.go:93.42,94.61 1 1
github.com/vaultenv/vaultenv-cli/pkg/access/control.go:94.61,96.68 1 1
github.com/vaultenv/vaultenv-cli/pkg/access/control.go:96.68,97.13 1 1
github.com/vaultenv/vaultenv-cli/pkg/access/control.go:99.4,99.20 1 1
github.com/vaultenv/vaultenv-cli/pkg/access/control.go:104.2,105.46 2 1
github.com/vaultenv/vaultenv-cli/pkg/access/control.go:105.46,106.32 1 1
github.com/vaultenv/vaultenv-cli/pkg/access/control.go:106.32,108.4 1 0
github.com/vaultenv/vaultenv-cli/pkg/access/control.go:111.2,111.19 1 1
github.com/vaultenv/vaultenv-cli/pkg/access/control.go:115.93,117.16 2 1
github.com/vaultenv/vaultenv-cli/pkg/access/control.go:117.16,119.3 1 0
github.com/vaultenv/vaultenv-cli/pkg/access/control.go:122.2,122.32 1 1
github.com/vaultenv/vaultenv-cli/pkg/access/control.go:122.32,124.3 1 0
github.com/vaultenv/vaultenv-cli/pkg/access/control.go:125.2,125.45 1 1
github.com/vaultenv/vaultenv-cli/pkg/access/control.go:125.45,131.3 1 1
github.com/vaultenv/vaultenv-cli/pkg/access/control.go:133.2,136.42 2 1
github.com/vaultenv/vaultenv-cli/pkg/access/control.go:136.42,137.61 1 1
github.com/vaultenv/vaultenv-cli/pkg/access/control.go:137.61,143.4 4 1
github.com/vaultenv/vaultenv-cli/pkg/access/control.go:147.2,158.45 3 1
github.com/vaultenv/vaultenv-cli/pkg/access/control.go:158.45,160.3 1 1
github.com/vaultenv/vaultenv-cli/pkg/access/control.go:162.2,162.35 1 1
github.com/vaultenv/vaultenv-cli/pkg/access/control.go:166.75,168.16 2 1
github.com/vaultenv/vaultenv-cli/pkg/access/control.go:168.16,170.3 1 0
github.com/vaultenv/vaultenv-cli/pkg/access/control.go:172.2,173.13 2 1
github.com/vaultenv/vaultenv-cli/pkg/access/control.go:173.13,175.3 1 0
github.com/vaultenv/vaultenv-cli/pkg/access/control.go:178.2,182.42 3 1
github.com/vaultenv/vaultenv-cli/pkg/access/control.go:182.42,183.64 1 1
github.com/vaultenv/vaultenv-cli/pkg/access/control.go:183.64,185.4 1 1
github.com/vaultenv/vaultenv-cli/pkg/access/control.go:187.2,189.35 2 1
github.com/vaultenv/vaultenv-cli/pkg/access/control.go:193.84,195.16 2 1
github.com/vaultenv/vaultenv-cli/pkg/access/control.go:195.16,197.3 1 0
github.com/vaultenv/vaultenv-cli/pkg/access/control.go:199.2,200.13 2 1
github.com/vaultenv/vaultenv-cli/pkg/access/control.go:200.13,202.3 1 1
github.com/vaultenv/vaultenv-cli/pkg/access/control.go:204.2,204.31 1 1
github.com/vaultenv/vaultenv-cli/pkg/access/control.go:208.72,212.16 3 1
github.com/vaultenv/vaultenv-cli/pkg/access/control.go:212.16,213.25 1 1
github.com/vaultenv/vaultenv-cli/pkg/access/control.go:213.25,219.4 1 1
github.com/vaultenv/vaultenv-cli/pkg/access/control.go:220.3,220.66 1 0
github.com/vaultenv/vaultenv-cli/pkg/access/control.go:223.2,224.54 2 1
github.com/vaultenv/vaultenv-cli/pkg/access/control.go:224.54,226.3 1 0
github.com/vaultenv/vaultenv-cli/pkg/access/control.go:228.2,228.21 1 1
github.com/vaultenv/vaultenv-cli/pkg/access/control.go:232.75,236.16 3 1
github.com/vaultenv/vaultenv-cli/pkg/access/control.go:236.16,238.3 1 0
github.com/vaultenv/vaultenv-cli/pkg/access/control.go:240.2,241.61 2 1
github.com/vaultenv/vaultenv-cli/pkg/access/control.go:241.61,243.3 1 0
github.com/vaultenv/vaultenv-cli/pkg/access/control.go:245.2,245.12 1 1
github.com/vaultenv/vaultenv-cli/pkg/access/control.go:249.65,253.2 1 1
github.com/vaultenv/vaultenv-cli/pkg/access/control.go:257.30,258.43 1 1
github.com/vaultenv/vaultenv-cli/pkg/access/control.go:258.43,260.3 1 1
github.com/vaultenv/vaultenv-cli/pkg/access/control.go:261.2,261.47 1 0
github.com/vaultenv/vaultenv-cli/pkg/access/control.go:261.47,263.3 1 0
github.com/vaultenv/vaultenv-cli/pkg/access/control.go:264.2,264.18 1 0
github.com/vaultenv/vaultenv-cli/pkg/access/control.go:267.49,268.26 1 1
github.com/vaultenv/vaultenv-cli/pkg/access/control.go:268.26,269.16 1 1
github.com/vaultenv/vaultenv-cli/pkg/access/control.go:269.16,271.4 1 1
github.com/vaultenv/vaultenv-cli/pkg/access/control.go:273.2,273.14 1 1
github.com/vaultenv/vaultenv-cli/pkg/access/control.go:276.57,278.26 2 1
github.com/vaultenv/vaultenv-cli/pkg/access/control.go:278.26,279.16 1 1
github.com/vaultenv/vaultenv-cli/pkg/access/control.go:279.16,281.4 1 1
github.com/vaultenv/vaultenv-cli/pkg/access/control.go:283.2,283.15 1 1
github.com/vaultenv/vaultenv-cli/pkg/keystore/keystore.go:31.57,59.16 3 0
github.com/vaultenv/vaultenv-cli/pkg/keystore/keystore.go:59.16,61.3 1 0
github.com/vaultenv/vaultenv-cli/pkg/keystore/keystore.go:63.2,63.37 1 0
github.com/vaultenv/vaultenv-cli/pkg/keystore/keystore.go:67.72,74.2 1 0
github.com/vaultenv/vaultenv-cli/pkg/keystore/keystore.go:77.72,79.16 2 0
github.com/vaultenv/vaultenv-cli/pkg/keystore/keystore.go:79.16,80.36 1 0
github.com/vaultenv/vaultenv-cli/pkg/keystore/keystore.go:80.36,82.4 1 0
github.com/vaultenv/vaultenv-cli/pkg/keystore/keystore.go:83.3,83.60 1 0
github.com/vaultenv/vaultenv-cli/pkg/keystore/keystore.go:86.2,86.23 1 0
github.com/vaultenv/vaultenv-cli/pkg/keystore/keystore.go:90.60,92.49 2 0
github.com/vaultenv/vaultenv-cli/pkg/keystore/keystore.go:92.49,94.3 1 0
github.com/vaultenv/vaultenv-cli/pkg/keystore/keystore.go:95.2,95.12 1 0
github.com/vaultenv/vaultenv-cli/pkg/keystore/keystore.go:99.61,101.16 2 0
github.com/vaultenv/vaultenv-cli/pkg/keystore/keystore.go:101.16,103.3 1 0
github.com/vaultenv/vaultenv-cli/pkg/keystore/keystore.go:105.2,108.27 3 0
github.com/vaultenv/vaultenv-cli/pkg/keystore/keystore.go:108.27,109.60 1 0
github.com/vaultenv/vaultenv-cli/pkg/keystore/keystore.go:109.60,112.4 2 0
github.com/vaultenv/vaultenv-cli/pkg/keystore/keystore.go:115.2,115.22 1 0
github.com/vaultenv/vaultenv-cli/pkg/keystore/keystore.go:119.62,121.2 1 1
github.com/vaultenv/vaultenv-cli/pkg/keystore/keystore.go:124.42,126.22 1 1
github.com/vaultenv/vaultenv-cli/pkg/keystore/keystore.go:127.16,128.26 1 0
github.com/vaultenv/vaultenv-cli/pkg/keystore/keystore.go:129.17,130.38 1 0
github.com/vaultenv/vaultenv-cli/pkg/keystore/keystore.go:131.15,133.32 1 1
github.com/vaultenv/vaultenv-cli/pkg/keystore/keystore.go:133.32,135.4 1 1
github.com/vaultenv/vaultenv-cli/pkg/keystore/keystore.go:136.3,136.26 1 0
github.com/vaultenv/vaultenv-cli/pkg/keystore/keystore.go:137.10,138.26 1 0
github.com/vaultenv/vaultenv-cli/pkg/keystore/mock.go:12.38,16.2 1 1
github.com/vaultenv/vaultenv-cli/pkg/keystore/mock.go:18.74,19.19 1 1
github.com/vaultenv/vaultenv-cli/pkg/keystore/mock.go:19.19,21.3 1 0
github.com/vaultenv/vaultenv-cli/pkg/keystore/mock.go:22.2,22.20 1 1
github.com/vaultenv/vaultenv-cli/pkg/keystore/mock.go:22.20,24.3 1 1
github.com/vaultenv/vaultenv-cli/pkg/keystore/mock.go:25.2,28.12 3 1
github.com/vaultenv/vaultenv-cli/pkg/keystore/mock.go:31.74,32.19 1 1
github.com/vaultenv/vaultenv-cli/pkg/keystore/mock.go:32.19,34.3 1 0
github.com/vaultenv/vaultenv-cli/pkg/keystore/mock.go:35.2,37.13 3 1
github.com/vaultenv/vaultenv-cli/pkg/keystore/mock.go:37.13,39.3 1 1
github.com/vaultenv/vaultenv-cli/pkg/keystore/mock.go:41.2,41.42 1 1
github.com/vaultenv/vaultenv-cli/pkg/keystore/mock.go:44.62,45.19 1 1
github.com/vaultenv/vaultenv-cli/pkg/keystore/mock.go:45.19,47.3 1 0
github.com/vaultenv/vaultenv-cli/pkg/keystore/mock.go:48.2,50.12 3 1
github.com/vaultenv/vaultenv-cli/pkg/keystore/mock.go:53.63,54.19 1 1
github.com/vaultenv/vaultenv-cli/pkg/keystore/mock.go:54.19,56.3 1 0
github.com/vaultenv/vaultenv-cli/pkg/keystore/mock.go:57.2,60.26 3 1
github.com/vaultenv/vaultenv-cli/pkg/keystore/mock.go:60.26,61.60 1 1
github.com/vaultenv/vaultenv-cli/pkg/keystore/mock.go:61.60,64.4 2 1
github.com/vaultenv/vaultenv-cli/pkg/keystore/mock.go:67.2,67.22 1 1
github.com/vaultenv/vaultenv-cli/internal/ui/errors.go:16.39,18.2 1 1
github.com/vaultenv/vaultenv-cli/internal/ui/errors.go:115.29,116.16 1 1
github.com/vaultenv/vaultenv-cli/internal/ui/errors.go:116.16,118.3 1 1
github.com/vaultenv/vaultenv-cli/internal/ui/errors.go:121.2,121.44 1 1
github.com/vaultenv/vaultenv-cli/internal/ui/errors.go:121.44,124.3 2 1
github.com/vaultenv/vaultenv-cli/internal/ui/errors.go:127.2,128.9 2 1
github.com/vaultenv/vaultenv-cli/internal/ui/errors.go:129.54,130.27 1 1
github.com/vaultenv/vaultenv-cli/internal/ui/errors.go:131.43,132.24 1 1
github.com/vaultenv/vaultenv-cli/internal/ui/errors.go:133.53,134.27 1 1
github.com/vaultenv/vaultenv-cli/internal/ui/errors.go:135.10,137.21 1 1
github.com/vaultenv/vaultenv-cli/internal/ui/errors.go:141.46,149.26 3 1
github.com/vaultenv/vaultenv-cli/internal/ui/errors.go:149.26,152.3 2 1
github.com/vaultenv/vaultenv-cli/internal/ui/errors.go:155.2,155.24 1 1
github.com/vaultenv/vaultenv-cli/internal/ui/errors.go:155.24,158.3 2 1
github.com/vaultenv/vaultenv-cli/internal/ui/errors.go:161.2,161.20 1 1
github.com/vaultenv/vaultenv-cli/internal/ui/errors.go:161.20,164.3 2 1
github.com/vaultenv/vaultenv-cli/internal/ui/errors.go:167.31,176.2 8 1
github.com/vaultenv/vaultenv-cli/internal/ui/errors.go:178.28,187.2 8 1
github.com/vaultenv/vaultenv-cli/internal/ui/errors.go:189.31,198.2 8 1
github.com/vaultenv/vaultenv-cli/internal/ui/errors.go:201.55,203.13 2 1
github.com/vaultenv/vaultenv-cli/internal/ui/errors.go:203.13,205.3 1 1
github.com/vaultenv/vaultenv-cli/internal/ui/errors.go:208.2,215.3 2 1
github.com/vaultenv/vaultenv-cli/internal/ui/errors.go:219.60,220.16 1 0
github.com/vaultenv/vaultenv-cli/internal/ui/errors.go:220.16,221.20 1 0
github.com/vaultenv/vaultenv-cli/internal/ui/errors.go:221.20,223.4 1 0
github.com/vaultenv/vaultenv-cli/internal/ui/errors.go:223.9,225.4 1 0
github.com/vaultenv/vaultenv-cli/internal/ui/errors.go:226.8,229.20 2 0
github.com/vaultenv/vaultenv-cli/internal/ui/errors.go:229.20,231.4 1 0
github.com/vaultenv/vaultenv-cli/internal/ui/errors.go:231.9,233.4 1 0
github.com/vaultenv/vaultenv-cli/internal/ui/errors.go:238.37,239.21 1 0
github.com/vaultenv/vaultenv-cli/internal/ui/errors.go:239.21,241.3 1 0
github.com/vaultenv/vaultenv-cli/internal/ui/errors.go:242.2,242.77 1 0
github.com/vaultenv/vaultenv-cli/internal/ui/output.go:43.50,46.2 2 1
github.com/vaultenv/vaultenv-cli/internal/ui/output.go:49.48,52.2 2 1
github.com/vaultenv/vaultenv-cli/internal/ui/output.go:55.50,58.2 2 1
github.com/vaultenv/vaultenv-cli/internal/ui/output.go:61.47,64.2 2 1
github.com/vaultenv/vaultenv-cli/internal/ui/output.go:67.48,68.18 1 1
github.com/vaultenv/vaultenv-cli/internal/ui/output.go:68.18,70.3 1 1
github.com/vaultenv/vaultenv-cli/internal/ui/output.go:71.2,72.49 2 1
github.com/vaultenv/vaultenv-cli/internal/ui/output.go:76.26,80.2 3 1
github.com/vaultenv/vaultenv-cli/internal/ui/output.go:83.61,86.24 2 1
github.com/vaultenv/vaultenv-cli/internal/ui/output.go:86.24,88.3 1 0
github.com/vaultenv/vaultenv-cli/internal/ui/output.go:90.2,94.20 3 1
github.com/vaultenv/vaultenv-cli/internal/ui/output.go:94.20,96.3 1 0
github.com/vaultenv/vaultenv-cli/internal/ui/output.go:99.2,108.16 4 1
github.com/vaultenv/vaultenv-cli/internal/ui/output.go:108.16,110.3 1 1
github.com/vaultenv/vaultenv-cli/internal/ui/output.go:110.8,112.3 1 1
github.com/vaultenv/vaultenv-cli/internal/ui/output.go:114.2,114.12 1 1
github.com/vaultenv/vaultenv-cli/internal/ui/output.go:118.47,121.33 2 1
github.com/vaultenv/vaultenv-cli/internal/ui/output.go:121.33,123.3 1 1
github.com/vaultenv/vaultenv-cli/internal/ui/output.go:125.2,125.27 1 1
github.com/vaultenv/vaultenv-cli/internal/ui/output.go:125.27,126.28 1 1
github.com/vaultenv/vaultenv-cli/internal/ui/output.go:126.28,127.48 1 1
github.com/vaultenv/vaultenv-cli/internal/ui/output.go:127.48,129.5 1 1
github.com/vaultenv/vaultenv-cli/internal/ui/output.go:134.2,135.31 2 1
github.com/vaultenv/vaultenv-cli/internal/ui/output.go:135.31,137.24 2 1
github.com/vaultenv/vaultenv-cli/internal/ui/output.go:137.24,139.4 1 1
github.com/vaultenv/vaultenv-cli/internal/ui/output.go:141.2,144.33 3 1
github.com/vaultenv/vaultenv-cli/internal/ui/output.go:144.33,147.3 2 1
github.com/vaultenv/vaultenv-cli/internal/ui/output.go:148.2,152.31 3 1
github.com/vaultenv/vaultenv-cli/internal/ui/output.go:152.31,154.24 2 1
github.com/vaultenv/vaultenv-cli/internal/ui/output.go:154.24,156.4 1 1
github.com/vaultenv/vaultenv-cli/internal/ui/output.go:158.2,161.27 2 1
github.com/vaultenv/vaultenv-cli/internal/ui/output.go:161.27,163.28 2 1
github.com/vaultenv/vaultenv-cli/internal/ui/output.go:163.28,164.23 1 1
github.com/vaultenv/vaultenv-cli/internal/ui/output.go:164.23,167.5 2 1
github.com/vaultenv/vaultenv-cli/internal/ui/output.go:169.3,169.23 1 1
github.com/vaultenv/vaultenv-cli/internal/ui/output.go:173.2,174.31 2 1
github.com/vaultenv/vaultenv-cli/internal/ui/output.go:174.31,176.24 2 1
github.com/vaultenv/vaultenv-cli/internal/ui/output.go:176.24,178.4 1 1
github.com/vaultenv/vaultenv-cli/internal/ui/output.go:180.2,180.29 1 1
github.com/vaultenv/vaultenv-cli/internal/ui/output.go:184.36,187.2 2 1
github.com/vaultenv/vaultenv-cli/internal/ui/output.go:190.20,193.2 2 1
github.com/vaultenv/vaultenv-cli/internal/ui/output.go:196.23,198.2 1 1
github.com/vaultenv/vaultenv-cli/internal/ui/output.go:200.29,206.2 2 1
github.com/vaultenv/vaultenv-cli/internal/ui/output.go:209.50,211.33 2 0
github.com/vaultenv/vaultenv-cli/internal/ui/output.go:211.33,213.3 1 0
github.com/vaultenv/vaultenv-cli/internal/ui/output.go:215.2,216.6 2 0
github.com/vaultenv/vaultenv-cli/internal/ui/output.go:216.6,222.61 5 0
github.com/vaultenv/vaultenv-cli/internal/ui/output.go:222.61,223.45 1 0
github.com/vaultenv/vaultenv-cli/internal/ui/output.go:223.45,225.5 1 0
github.com/vaultenv/vaultenv-cli/internal/ui/output.go:227.3,227.60 1 0
github.com/vaultenv/vaultenv-cli/internal/ui/output.go:232.41,236.41 2 0
github.com/vaultenv/vaultenv-cli/internal/ui/output.go:236.41,239.17 3 0
github.com/vaultenv/vaultenv-cli/internal/ui/output.go:239.17,241.4 1 0
github.com/vaultenv/vaultenv-cli/internal/ui/output.go:245.2,247.33 3 0
github.com/vaultenv/vaultenv-cli/internal/ui/output.go:251.51,254.22 3 1
github.com/vaultenv/vaultenv-cli/internal/ui/output.go:254.22,256.3 1 1
github.com/vaultenv/vaultenv-cli/internal/ui/output.go:260.34,262.6 2 0
github.com/vaultenv/vaultenv-cli/internal/ui/output.go:262.6,267.16 4 0
github.com/vaultenv/vaultenv-cli/internal/ui/output.go:268.19,269.15 1 0
github.com/vaultenv/vaultenv-cli/internal/ui/output.go:270.18,271.16 1 0
github.com/vaultenv/vaultenv-cli/internal/ui/output.go:272.11,273.52 1 0
github.com/vaultenv/vaultenv-cli/internal/cmd/aliases.go:8.41,24.40 2 1
github.com/vaultenv/vaultenv-cli/internal/cmd/aliases.go:24.40,25.56 1 1
github.com/vaultenv/vaultenv-cli/internal/cmd/aliases.go:25.56,46.42 4 1
github.com/vaultenv/vaultenv-cli/internal/cmd/aliases.go:46.42,48.5 1 1
github.com/vaultenv/vaultenv-cli/internal/cmd/aliases.go:50.4,50.32 1 1
github.com/vaultenv/vaultenv-cli/internal/cmd/aliases.go:55.2,55.29 1 1
github.com/vaultenv/vaultenv-cli/internal/cmd/aliases.go:59.49,66.55 1 1
github.com/vaultenv/vaultenv-cli/internal/cmd/aliases.go:66.55,68.60 1 0
github.com/vaultenv/vaultenv-cli/internal/cmd/aliases.go:68.60,69.46 1 0
github.com/vaultenv/vaultenv-cli/internal/cmd/aliases.go:69.46,70.35 1 0
github.com/vaultenv/vaultenv-cli/internal/cmd/aliases.go:70.35,72.7 1 0
github.com/vaultenv/vaultenv-cli/internal/cmd/aliases.go:75.4,75.14 1 0
github.com/vaultenv/vaultenv-cli/internal/cmd/aliases.go:78.2,85.55 2 1
github.com/vaultenv/vaultenv-cli/internal/cmd/aliases.go:85.55,87.63 1 0
github.com/vaultenv/vaultenv-cli/internal/cmd/aliases.go:87.63,89.5 1 0
github.com/vaultenv/vaultenv-cli/internal/cmd/aliases.go:90.4,90.14 1 0
github.com/vaultenv/vaultenv-cli/internal/cmd/aliases.go:93.2,101.55 2 1
github.com/vaultenv/vaultenv-cli/internal/cmd/aliases.go:101.55,103.63 1 0
github.com/vaultenv/vaultenv-cli/internal/cmd/aliases.go:103.63,105.23 1 0
github.com/vaultenv/vaultenv-cli/internal/cmd/aliases.go:105.23,107.6 1 0
github.com/vaultenv/vaultenv-cli/internal/cmd/aliases.go:109.5,110.41 2 0
github.com/vaultenv/vaultenv-cli/internal/cmd/aliases.go:112.4,112.14 1 0
github.com/vaultenv/vaultenv-cli/internal/cmd/aliases.go:115.2,115.31 1 1
github.com/vaultenv/vaultenv-cli/internal/cmd/aliases.go:119.66,120.40 1 1
github.com/vaultenv/vaultenv-cli/internal/cmd/aliases.go:120.40,121.28 1 1
github.com/vaultenv/vaultenv-cli/internal/cmd/aliases.go:121.28,123.4 1 1
github.com/vaultenv/vaultenv-cli/internal/cmd/aliases.go:125.2,125.12 1 1
github.com/vaultenv/vaultenv-cli/internal/cmd/aliases.go:129.43,159.48 1 1
github.com/vaultenv/vaultenv-cli/internal/cmd/aliases.go:159.48,161.4 1 0
github.com/vaultenv/vaultenv-cli/internal/cmd/aliases.go:164.2,164.31 1 1
github.com/vaultenv/vaultenv-cli/internal/cmd/batch.go:21.39,46.2 3 1
github.com/vaultenv/vaultenv-cli/internal/cmd/batch.go:49.45,78.55 2 1
github.com/vaultenv/vaultenv-cli/internal/cmd/batch.go:78.55,80.4 1 0
github.com/vaultenv/vaultenv-cli/internal/cmd/batch.go:83.2,100.12 9 1
github.com/vaultenv/vaultenv-cli/internal/cmd/batch.go:105.61,109.16 2 0
github.com/vaultenv/vaultenv-cli/internal/cmd/batch.go:109.16,111.3 1 0
github.com/vaultenv/vaultenv-cli/internal/cmd/batch.go:114.2,114.13 1 0
github.com/vaultenv/vaultenv-cli/internal/cmd/batch.go:114.13,115.50 1 0
github.com/vaultenv/vaultenv-cli/internal/cmd/batch.go:115.50,117.4 1 0
github.com/vaultenv/vaultenv-cli/internal/cmd/batch.go:121.2,121.20 1 0
github.com/vaultenv/vaultenv-cli/internal/cmd/batch.go:121.20,123.3 1 0
github.com/vaultenv/vaultenv-cli/internal/cmd/batch.go:125.2,125.20 1 0
github.com/vaultenv/vaultenv-cli/internal/cmd/batch.go:125.20,128.3 2 0
github.com/vaultenv/vaultenv-cli/internal/cmd/batch.go:131.2,131.27 1 0
github.com/vaultenv/vaultenv-cli/internal/cmd/batch.go:131.27,132.31 1 0
github.com/vaultenv/vaultenv-cli/internal/cmd/batch.go:132.31,134.4 1 0
github.com/vaultenv/vaultenv-cli/internal/cmd/batch.go:137.2,146.27 5 0
github.com/vaultenv/vaultenv-cli/internal/cmd/batch.go:146.27,148.58 1 0
github.com/vaultenv/vaultenv-cli/internal/cmd/batch.go:148.58,151.4 2 0
github.com/vaultenv/vaultenv-cli/internal/cmd/batch.go:151.9,154.4 2 0
github.com/vaultenv/vaultenv-cli/internal/cmd/batch.go:158.2,158.12 1 0
github.com/vaultenv/vaultenv-cli/internal/cmd/batch.go:158.12,160.3 1 0
github.com/vaultenv/vaultenv-cli/internal/cmd/batch.go:160.8,162.3 1 0
github.com/vaultenv/vaultenv-cli/internal/cmd/batch.go:164.2,164.21 1 0
github.com/vaultenv/vaultenv-cli/internal/cmd/batch.go:164.21,166.30 2 0
github.com/vaultenv/vaultenv-cli/internal/cmd/batch.go:166.30,168.4 1 0
github.com/vaultenv/vaultenv-cli/internal/cmd/batch.go:169.3,169.53 1 0
github.com/vaultenv/vaultenv-cli/internal/cmd/batch.go:172.2,172.12 1 0
github.com/vaultenv/vaultenv-cli/internal/cmd/batch.go:177.90,181.16 2 0
github.com/vaultenv/vaultenv-cli/internal/cmd/batch.go:181.16,183.3 1 0
github.com/vaultenv/vaultenv-cli/internal/cmd/batch.go:186.2,187.16 2 0
github.com/vaultenv/vaultenv-cli/internal/cmd/batch.go:187.16,189.3 1 0
github.com/vaultenv/vaultenv-cli/internal/cmd/batch.go:191.2,191.20 1 0
github.com/vaultenv/vaultenv-cli/internal/cmd/batch.go:191.20,194.3 2 0
github.com/vaultenv/vaultenv-cli/internal/cmd/batch.go:197.2,198.16 2 0
github.com/vaultenv/vaultenv-cli/internal/cmd/batch.go:198.16,200.3 1 0
github.com/vaultenv/vaultenv-cli/internal/cmd/batch.go:203.2,207.15 3 0
github.com/vaultenv/vaultenv-cli/internal/cmd/batch.go:207.15,210.3 2 0
github.com/vaultenv/vaultenv-cli/internal/cmd/batch.go:212.2,214.12 2 0
github.com/vaultenv/vaultenv-cli/internal/cmd/batch.go:214.12,217.3 2 0
github.com/vaultenv/vaultenv-cli/internal/cmd/batch.go:220.2,220.16 1 0
github.com/vaultenv/vaultenv-cli/internal/cmd/batch.go:220.16,221.46 1 0
github.com/vaultenv/vaultenv-cli/internal/cmd/batch.go:221.46,223.4 1 0
github.com/vaultenv/vaultenv-cli/internal/cmd/batch.go:227.2,228.16 2 0
github.com/vaultenv/vaultenv-cli/internal/cmd/batch.go:228.16,230.3 1 0
github.com/vaultenv/vaultenv-cli/internal/cmd/batch.go:231.2,233.52 2 0
github.com/vaultenv/vaultenv-cli/internal/cmd/batch.go:233.52,235.3 1 0
github.com/vaultenv/vaultenv-cli/internal/cmd/batch.go:237.2,237.12 1 0
github.com/vaultenv/vaultenv-cli/internal/cmd/batch.go:241.45,271.55 2 1
github.com/vaultenv/vaultenv-cli/internal/cmd/batch.go:271.55,273.4 1 0
github.com/vaultenv/vaultenv-cli/internal/cmd/batch.go:276.2,295.12 10 1
github.com/vaultenv/vaultenv-cli/internal/cmd/batch.go:300.72,304.16 2 0
github.com/vaultenv/vaultenv-cli/internal/cmd/batch.go:304.16,306.3 1 0
github.com/vaultenv/vaultenv-cli/internal/cmd/batch.go:309.2,310.16 2 0
github.com/vaultenv/vaultenv-cli/internal/cmd/batch.go:310.16,312.3 1 0
github.com/vaultenv/vaultenv-cli/internal/cmd/batch.go:314.2,314.21 1 0
github.com/vaultenv/vaultenv-cli/internal/cmd/batch.go:314.21,317.3 2 0
github.com/vaultenv/vaultenv-cli/internal/cmd/batch.go:319.2,325.29 4 0
github.com/vaultenv/vaultenv-cli/internal/cmd/batch.go:325.29,327.16 2 0
github.com/vaultenv/vaultenv-cli/internal/cmd/batch.go:327.16,330.4 1 0
github.com/vaultenv/vaultenv-cli/internal/cmd/batch.go:332.3,333.51 1 0
github.com/vaultenv/vaultenv-cli/internal/cmd/batch.go:333.51,336.4 2 0
github.com/vaultenv/vaultenv-cli/internal/cmd/batch.go:336.9,339.4 2 0
github.com/vaultenv/vaultenv-cli/internal/cmd/batch.go:343.2,343.12 1 0
github.com/vaultenv/vaultenv-cli/internal/cmd/batch.go:343.12,345.3 1 0
github.com/vaultenv/vaultenv-cli/internal/cmd/batch.go:345.8,347.3 1 0
github.com/vaultenv/vaultenv-cli/internal/cmd/batch.go:349.2,349.21 1 0
github.com/vaultenv/vaultenv-cli/internal/cmd/batch.go:349.21,351.30 2 0
github.com/vaultenv/vaultenv-cli/internal/cmd/batch.go:351.30,353.4 1 0
github.com/vaultenv/vaultenv-cli/internal/cmd/batch.go:354.3,354.53 1 0
github.com/vaultenv/vaultenv-cli/internal/cmd/batch.go:357.2,357.12 1 0
github.com/vaultenv/vaultenv-cli/internal/cmd/batch.go:362.48,365.30 1 0
github.com/vaultenv/vaultenv-cli/internal/cmd/batch.go:365.30,366.17 1 0
github.com/vaultenv/vaultenv-cli/internal/cmd/batch.go:366.17,367.15 1 0
github.com/vaultenv/vaultenv-cli/internal/cmd/batch.go:367.15,371.38 2 0
github.com/vaultenv/vaultenv-cli/internal/cmd/batch.go:371.38,373.6 1 0
github.com/vaultenv/vaultenv-cli/internal/cmd/batch.go:375.4,375.48 1 0
github.com/vaultenv/vaultenv-cli/internal/cmd/batch.go:376.9,378.4 1 0
github.com/vaultenv/vaultenv-cli/internal/cmd/batch.go:382.2,387.16 5 0
github.com/vaultenv/vaultenv-cli/internal/cmd/batch.go:387.16,389.3 1 0
github.com/vaultenv/vaultenv-cli/internal/cmd/batch.go:391.2,391.20 1 0
github.com/vaultenv/vaultenv-cli/internal/cmd/batch.go:391.20,394.3 2 0
github.com/vaultenv/vaultenv-cli/internal/cmd/batch.go:396.2,396.12 1 0
github.com/vaultenv/vaultenv-cli/internal/cmd/batch.go:396.12,399.3 2 0
github.com/vaultenv/vaultenv-cli/internal/cmd/batch.go:402.2,403.16 2 0
github.com/vaultenv/vaultenv-cli/internal/cmd/batch.go:403.16,405.3 1 0
github.com/vaultenv/vaultenv-cli/internal/cmd/batch.go:407.2,407.42 1 0
github.com/vaultenv/vaultenv-cli/internal/cmd/batch.go:411.63,414.16 3 0
github.com/vaultenv/vaultenv-cli/internal/cmd/batch.go:414.16,416.3 1 0
github.com/vaultenv/vaultenv-cli/internal/cmd/batch.go:419.2,420.32 2 0
github.com/vaultenv/vaultenv-cli/internal/cmd/batch.go:420.32,421.63 1 0
github.com/vaultenv/vaultenv-cli/internal/cmd/batch.go:421.63,423.4 1 0
github.com/vaultenv/vaultenv-cli/internal/cmd/batch.go:426.2,427.19 2 0
github.com/vaultenv/vaultenv-cli/internal/cmd/batch.go:431.52,436.33 3 0
github.com/vaultenv/vaultenv-cli/internal/cmd/batch.go:436.33,437.35 1 0
github.com/vaultenv/vaultenv-cli/internal/cmd/batch.go:437.35,439.9 2 0
github.com/vaultenv/vaultenv-cli/internal/cmd/batch.go:444.2,444.20 1 0
github.com/vaultenv/vaultenv-cli/internal/cmd/batch.go:444.20,446.3 1 0
github.com/vaultenv/vaultenv-cli/internal/cmd/batch.go:449.2,449.38 1 0
github.com/vaultenv/vaultenv-cli/internal/cmd/batch.go:449.38,451.3 1 0
github.com/vaultenv/vaultenv-cli/internal/cmd/batch.go:454.2,454.37 1 0
github.com/vaultenv/vaultenv-cli/internal/cmd/batch.go:454.37,456.3 1 0
github.com/vaultenv/vaultenv-cli/internal/cmd/batch.go:458.2,458.13 1 0
github.com/vaultenv/vaultenv-cli/internal/cmd/batch.go:462.43,486.55 2 1
github.com/vaultenv/vaultenv-cli/internal/cmd/batch.go:486.55,488.4 1 0
github.com/vaultenv/vaultenv-cli/internal/cmd/batch.go:491.2,505.12 8 1
github.com/vaultenv/vaultenv-cli/internal/cmd/batch.go:509.110,512.16 2 0
github.com/vaultenv/vaultenv-cli/internal/cmd/batch.go:512.16,514.3 1 0
github.com/vaultenv/vaultenv-cli/internal/cmd/batch.go:517.2,517.34 1 0
github.com/vaultenv/vaultenv-cli/internal/cmd/batch.go:517.34,519.3 1 0
github.com/vaultenv/vaultenv-cli/internal/cmd/batch.go:520.2,520.32 1 0
github.com/vaultenv/vaultenv-cli/internal/cmd/batch.go:520.32,522.3 1 0
github.com/vaultenv/vaultenv-cli/internal/cmd/batch.go:525.2,526.16 2 0
github.com/vaultenv/vaultenv-cli/internal/cmd/batch.go:526.16,528.3 1 0
github.com/vaultenv/vaultenv-cli/internal/cmd/batch.go:530.2,531.16 2 0
github.com/vaultenv/vaultenv-cli/internal/cmd/batch.go:531.16,533.3 1 0
github.com/vaultenv/vaultenv-cli/internal/cmd/batch.go:536.2,537.16 2 0
github.com/vaultenv/vaultenv-cli/internal/cmd/batch.go:537.16,539.3 1 0
github.com/vaultenv/vaultenv-cli/internal/cmd/batch.go:541.2,541.26 1 0
github.com/vaultenv/vaultenv-cli/internal/cmd/batch.go:541.26,544.3 2 0
github.com/vaultenv/vaultenv-cli/internal/cmd/batch.go:547.2,548.21 2 0
github.com/vaultenv/vaultenv-cli/internal/cmd/batch.go:548.21,551.3 2 0
github.com/vaultenv/vaultenv-cli/internal/cmd/batch.go:553.2,553.20 1 0
github.com/vaultenv/vaultenv-cli/internal/cmd/batch.go:553.20,556.3 2 0
github.com/vaultenv/vaultenv-cli/internal/cmd/batch.go:559.2,560.16 2 0
github.com/vaultenv/vaultenv-cli/internal/cmd/batch.go:560.16,562.3 1 0
github.com/vaultenv/vaultenv-cli/internal/cmd/batch.go:564.2,564.38 1 0
github.com/vaultenv/vaultenv-cli/internal/cmd/batch.go:564.38,567.3 2 0
github.com/vaultenv/vaultenv-cli/internal/cmd/batch.go:567.8,567.31 1 0
github.com/vaultenv/vaultenv-cli/internal/cmd/batch.go:567.31,569.34 2 0
github.com/vaultenv/vaultenv-cli/internal/cmd/batch.go:569.34,571.4 1 0
github.com/vaultenv/vaultenv-cli/internal/cmd/batch.go:573.3,573.14 1 0
github.com/vaultenv/vaultenv-cli/internal/cmd/batch.go:573.14,578.58 3 0
github.com/vaultenv/vaultenv-cli/internal/cmd/batch.go:578.58,580.5 1 0
github.com/vaultenv/vaultenv-cli/internal/cmd/batch.go:581.4,581.16 1 0
github.com/vaultenv/vaultenv-cli/internal/cmd/batch.go:581.16,584.5 2 0
github.com/vaultenv/vaultenv-cli/internal/cmd/batch.go:588.2,588.20 1 0
github.com/vaultenv/vaultenv-cli/internal/cmd/batch.go:588.20,591.3 2 0
github.com/vaultenv/vaultenv-cli/internal/cmd/batch.go:593.2,595.12 2 0
github.com/vaultenv/vaultenv-cli/internal/cmd/batch.go:595.12,598.3 2 0
github.com/vaultenv/vaultenv-cli/internal/cmd/batch.go:601.2,601.50 1 0
github.com/vaultenv/vaultenv-cli/internal/cmd/completion.go:12.44,53.2 2 1
github.com/vaultenv/vaultenv-cli/internal/cmd/completion.go:55.61,56.17 1 0
github.com/vaultenv/vaultenv-cli/internal/cmd/completion.go:57.14,58.49 1 0
github.com/vaultenv/vaultenv-cli/internal/cmd/completion.go:59.13,60.48 1 0
github.com/vaultenv/vaultenv-cli/internal/cmd/completion.go:61.14,62.55 1 0
github.com/vaultenv/vaultenv-cli/internal/cmd/completion.go:63.20,64.63 1 0
github.com/vaultenv/vaultenv-cli/internal/cmd/completion.go:65.10,66.54 1 0
github.com/vaultenv/vaultenv-cli/internal/cmd/completion.go:71.119,76.35 3 1
github.com/vaultenv/vaultenv-cli/internal/cmd/completion.go:76.35,77.41 1 1
github.com/vaultenv/vaultenv-cli/internal/cmd/completion.go:77.41,79.4 1 1
github.com/vaultenv/vaultenv-cli/internal/cmd/completion.go:82.2,82.52 1 1
github.com/vaultenv/vaultenv-cli/internal/cmd/completion.go:86.120,116.41 3 1
github.com/vaultenv/vaultenv-cli/internal/cmd/completion.go:116.41,117.82 1 1
github.com/vaultenv/vaultenv-cli/internal/cmd/completion.go:117.82,119.4 1 1
github.com/vaultenv/vaultenv-cli/internal/cmd/completion.go:122.2,122.52 1 1
github.com/vaultenv/vaultenv-cli/internal/cmd/completion.go:126.124,129.15 2 1
github.com/vaultenv/vaultenv-cli/internal/cmd/completion.go:129.15,131.3 1 1
github.com/vaultenv/vaultenv-cli/internal/cmd/completion.go:134.2,135.16 2 1
github.com/vaultenv/vaultenv-cli/internal/cmd/completion.go:135.16,137.3 1 0
github.com/vaultenv/vaultenv-cli/internal/cmd/completion.go:138.2,142.16 3 1
github.com/vaultenv/vaultenv-cli/internal/cmd/completion.go:142.16,144.3 1 0
github.com/vaultenv/vaultenv-cli/internal/cmd/completion.go:146.2,147.27 2 1
github.com/vaultenv/vaultenv-cli/internal/cmd/completion.go:147.27,148.75 1 0
github.com/vaultenv/vaultenv-cli/internal/cmd/completion.go:148.75,150.4 1 0
github.com/vaultenv/vaultenv-cli/internal/cmd/completion.go:153.2,153.52 1 1
github.com/vaultenv/vaultenv-cli/internal/cmd/completion.go:157.115,172.35 3 1
github.com/vaultenv/vaultenv-cli/internal/cmd/completion.go:172.35,173.45 1 1
github.com/vaultenv/vaultenv-cli/internal/cmd/completion.go:173.45,175.4 1 1
github.com/vaultenv/vaultenv-cli/internal/cmd/completion.go:178.2,178.52 1 1
github.com/vaultenv/vaultenv-cli/internal/cmd/config.go:18.40,57.2 4 1
github.com/vaultenv/vaultenv-cli/internal/cmd/config.go:60.61,62.16 2 1
github.com/vaultenv/vaultenv-cli/internal/cmd/config.go:62.16,64.3 1 1
github.com/vaultenv/vaultenv-cli/internal/cmd/config.go:67.2,68.16 2 1
github.com/vaultenv/vaultenv-cli/internal/cmd/config.go:68.16,70.3 1 0
github.com/vaultenv/vaultenv-cli/internal/cmd/config.go:72.2,75.12 3 1
github.com/vaultenv/vaultenv-cli/internal/cmd/config.go:79.43,92.2 1 1
github.com/vaultenv/vaultenv-cli/internal/cmd/config.go:95.60,99.16 3 1
github.com/vaultenv/vaultenv-cli/internal/cmd/config.go:99.16,101.3 1 0
github.com/vaultenv/vaultenv-cli/internal/cmd/config.go:104.2,109.16 5 1
github.com/vaultenv/vaultenv-cli/internal/cmd/config.go:109.16,111.3 1 1
github.com/vaultenv/vaultenv-cli/internal/cmd/config.go:114.2,114.27 1 1
github.com/vaultenv/vaultenv-cli/internal/cmd/config.go:115.34,116.17 1 1
github.com/vaultenv/vaultenv-cli/internal/cmd/config.go:117.10,120.28 2 1
github.com/vaultenv/vaultenv-cli/internal/cmd/config.go:123.2,123.12 1 1
github.com/vaultenv/vaultenv-cli/internal/cmd/config.go:127.43,140.2 1 1
github.com/vaultenv/vaultenv-cli/internal/cmd/config.go:143.60,148.16 4 1
github.com/vaultenv/vaultenv-cli/internal/cmd/config.go:148.16,150.3 1 0
github.com/vaultenv/vaultenv-cli/internal/cmd/config.go:153.2,158.62 4 1
github.com/vaultenv/vaultenv-cli/internal/cmd/config.go:158.62,160.3 1 0
github.com/vaultenv/vaultenv-cli/internal/cmd/config.go:163.2,165.68 3 1
github.com/vaultenv/vaultenv-cli/internal/cmd/config.go:165.68,167.3 1 1
github.com/vaultenv/vaultenv-cli/internal/cmd/config.go:170.2,170.49 1 1
github.com/vaultenv/vaultenv-cli/internal/cmd/config.go:170.49,172.3 1 0
github.com/vaultenv/vaultenv-cli/internal/cmd/config.go:175.2,175.45 1 1
github.com/vaultenv/vaultenv-cli/internal/cmd/config.go:175.45,177.3 1 0
github.com/vaultenv/vaultenv-cli/internal/cmd/config.go:179.2,180.12 2 1
github.com/vaultenv/vaultenv-cli/internal/cmd/config.go:184.45,194.55 2 1
github.com/vaultenv/vaultenv-cli/internal/cmd/config.go:194.55,195.14 1 1
[...]
github.com/vaultenv/vaultenv-cli/pkg/storage/encrypted.go:104.2,105.16 2 1
github.com/vaultenv/vaultenv-cli/pkg/storage/encrypted.go:105.16,107.3 1 0
github.com/vaultenv/vaultenv-cli/pkg/storage/encrypted.go:110.2,114.16 3 1
github.com/vaultenv/vaultenv-cli/pkg/storage/encrypted.go:114.16,116.3 1 0
github.com/vaultenv/vaultenv-cli/pkg/storage/encrypted.go:119.2,130.16 3 1
github.com/vaultenv/vaultenv-cli/pkg/storage/encrypted.go:130.16,132.3 1 0
github.com/vaultenv/vaultenv-cli/pkg/storage/encrypted.go:135.2,135.48 1 1
github.com/vaultenv/vaultenv-cli/pkg/storage/encrypted.go:139.60,142.16 2 1
github.com/vaultenv/vaultenv-cli/pkg/storage/encrypted.go:142.16,144.3 1 0
github.com/vaultenv/vaultenv-cli/pkg/storage/encrypted.go:147.2,148.58 2 1
github.com/vaultenv/vaultenv-cli/pkg/storage/encrypted.go:148.58,151.3 1 1
github.com/vaultenv/vaultenv-cli/pkg/storage/encrypted.go:154.2,154.21 1 1
github.com/vaultenv/vaultenv-cli/pkg/storage/encrypted.go:154.21,156.3 1 1
github.com/vaultenv/vaultenv-cli/pkg/storage/encrypted.go:159.2,160.16 2 1
github.com/vaultenv/vaultenv-cli/pkg/storage/encrypted.go:160.16,162.3 1 0
github.com/vaultenv/vaultenv-cli/pkg/storage/encrypted.go:165.2,166.16 2 1
github.com/vaultenv/vaultenv-cli/pkg/storage/encrypted.go:166.16,168.3 1 0
github.com/vaultenv/vaultenv-cli/pkg/storage/encrypted.go:171.2,172.45 2 1
github.com/vaultenv/vaultenv-cli/pkg/storage/encrypted.go:172.45,175.17 2 1
github.com/vaultenv/vaultenv-cli/pkg/storage/encrypted.go:175.17,177.4 1 0
github.com/vaultenv/vaultenv-cli/pkg/storage/encrypted.go:181.2,185.16 3 1
github.com/vaultenv/vaultenv-cli/pkg/storage/encrypted.go:185.16,187.3 1 1
github.com/vaultenv/vaultenv-cli/pkg/storage/encrypted.go:189.2,189.31 1 1
github.com/vaultenv/vaultenv-cli/pkg/storage/encrypted.go:193.61,195.2 1 1
github.com/vaultenv/vaultenv-cli/pkg/storage/encrypted.go:198.53,200.2 1 1
github.com/vaultenv/vaultenv-cli/pkg/storage/encrypted.go:203.53,205.2 1 1
github.com/vaultenv/vaultenv-cli/pkg/storage/encrypted.go:208.42,210.2 1 1
github.com/vaultenv/vaultenv-cli/pkg/storage/encrypted.go:213.82,214.44 1 1
github.com/vaultenv/vaultenv-cli/pkg/storage/encrypted.go:214.44,216.3 1 1
github.com/vaultenv/vaultenv-cli/pkg/storage/encrypted.go:219.2,220.16 2 1
github.com/vaultenv/vaultenv-cli/pkg/storage/encrypted.go:220.16,222.3 1 0
github.com/vaultenv/vaultenv-cli/pkg/storage/encrypted.go:225.2,228.27 2 1
github.com/vaultenv/vaultenv-cli/pkg/storage/encrypted.go:228.27,231.17 2 1
github.com/vaultenv/vaultenv-cli/pkg/storage/encrypted.go:231.17,233.4 1 0
github.com/vaultenv/vaultenv-cli/pkg/storage/encrypted.go:235.3,236.59 2 1
github.com/vaultenv/vaultenv-cli/pkg/storage/encrypted.go:236.59,238.12 1 0
github.com/vaultenv/vaultenv-cli/pkg/storage/encrypted.go:241.3,241.22 1 1
github.com/vaultenv/vaultenv-cli/pkg/storage/encrypted.go:241.22,243.12 1 1
github.com/vaultenv/vaultenv-cli/pkg/storage/encrypted.go:247.3,248.17 2 1
github.com/vaultenv/vaultenv-cli/pkg/storage/encrypted.go:248.17,250.4 1 0
github.com/vaultenv/vaultenv-cli/pkg/storage/encrypted.go:252.3,252.33 1 1
github.com/vaultenv/vaultenv-cli/pkg/storage/encrypted.go:256.2,266.44 5 1
github.com/vaultenv/vaultenv-cli/pkg/storage/encrypted.go:266.44,267.49 1 1
github.com/vaultenv/vaultenv-cli/pkg/storage/encrypted.go:267.49,271.4 2 0
github.com/vaultenv/vaultenv-cli/pkg/storage/encrypted.go:274.2,274.12 1 1
github.com/vaultenv/vaultenv-cli/pkg/storage/encrypted_deterministic.go:20.136,23.16 2 0
github.com/vaultenv/vaultenv-cli/pkg/storage/encrypted_deterministic.go:23.16,25.3 1 0
github.com/vaultenv/vaultenv-cli/pkg/storage/encrypted_deterministic.go:28.2,29.22 2 0
github.com/vaultenv/vaultenv-cli/pkg/storage/encrypted_deterministic.go:29.22,31.3 1 0
github.com/vaultenv/vaultenv-cli/pkg/storage/encrypted_deterministic.go:33.2,37.8 1 0
github.com/vaultenv/vaultenv-cli/pkg/storage/encrypted_deterministic.go:41.84,42.14 1 0
github.com/vaultenv/vaultenv-cli/pkg/storage/encrypted_deterministic.go:42.14,45.3 1 0
github.com/vaultenv/vaultenv-cli/pkg/storage/encrypted_deterministic.go:47.2,47.25 1 0
github.com/vaultenv/vaultenv-cli/pkg/storage/encrypted_deterministic.go:47.25,50.3 1 0
github.com/vaultenv/vaultenv-cli/pkg/storage/encrypted_deterministic.go:55.2,65.16 5 0
github.com/vaultenv/vaultenv-cli/pkg/storage/encrypted_deterministic.go:65.16,67.3 1 0
github.com/vaultenv/vaultenv-cli/pkg/storage/encrypted_deterministic.go:70.2,81.16 3 0
github.com/vaultenv/vaultenv-cli/pkg/storage/encrypted_deterministic.go:81.16,83.3 1 0
github.com/vaultenv/vaultenv-cli/pkg/storage/encrypted_deterministic.go:86.2,86.48 1 0
github.com/vaultenv/vaultenv-cli/pkg/storage/encrypted_deterministic.go:90.112,91.37 1 0
github.com/vaultenv/vaultenv-cli/pkg/storage/encrypted_deterministic.go:91.37,94.3 1 0
github.com/vaultenv/vaultenv-cli/pkg/storage/encrypted_deterministic.go:97.2,108.16 5 0
github.com/vaultenv/vaultenv-cli/pkg/storage/encrypted_deterministic.go:108.16,110.3 1 0
github.com/vaultenv/vaultenv-cli/pkg/storage/encrypted_deterministic.go:113.2,124.16 3 0
github.com/vaultenv/vaultenv-cli/pkg/storage/encrypted_deterministic.go:124.16,126.3 1 0
github.com/vaultenv/vaultenv-cli/pkg/storage/encrypted_deterministic.go:129.2,129.48 1 0
github.com/vaultenv/vaultenv-cli/pkg/storage/file.go:19.73,22.52 2 1
github.com/vaultenv/vaultenv-cli/pkg/storage/file.go:22.52,24.3 1 0
github.com/vaultenv/vaultenv-cli/pkg/storage/file.go:26.2,29.8 1 1
github.com/vaultenv/vaultenv-cli/pkg/storage/file.go:33.44,35.2 1 1
github.com/vaultenv/vaultenv-cli/pkg/storage/file.go:38.61,42.53 2 1
github.com/vaultenv/vaultenv-cli/pkg/storage/file.go:42.53,44.3 1 1
github.com/vaultenv/vaultenv-cli/pkg/storage/file.go:47.2,48.16 2 1
github.com/vaultenv/vaultenv-cli/pkg/storage/file.go:48.16,50.3 1 0
github.com/vaultenv/vaultenv-cli/pkg/storage/file.go:53.2,53.20 1 1
github.com/vaultenv/vaultenv-cli/pkg/storage/file.go:53.20,55.3 1 1
github.com/vaultenv/vaultenv-cli/pkg/storage/file.go:58.2,59.54 2 1
github.com/vaultenv/vaultenv-cli/pkg/storage/file.go:59.54,61.3 1 1
github.com/vaultenv/vaultenv-cli/pkg/storage/file.go:63.2,63.20 1 1
github.com/vaultenv/vaultenv-cli/pkg/storage/file.go:67.62,70.16 2 1
github.com/vaultenv/vaultenv-cli/pkg/storage/file.go:70.16,72.3 1 0
github.com/vaultenv/vaultenv-cli/pkg/storage/file.go:75.2,78.63 3 1
github.com/vaultenv/vaultenv-cli/pkg/storage/file.go:78.63,80.3 1 0
github.com/vaultenv/vaultenv-cli/pkg/storage/file.go:83.2,83.54 1 1
github.com/vaultenv/vaultenv-cli/pkg/storage/file.go:83.54,87.3 2 0
github.com/vaultenv/vaultenv-cli/pkg/storage/file.go:89.2,89.12 1 1
github.com/vaultenv/vaultenv-cli/pkg/storage/file.go:93.66,99.16 4 1
github.com/vaultenv/vaultenv-cli/pkg/storage/file.go:99.16,101.3 1 0
github.com/vaultenv/vaultenv-cli/pkg/storage/file.go:104.2,107.25 2 1
github.com/vaultenv/vaultenv-cli/pkg/storage/file.go:111.55,117.16 4 1
github.com/vaultenv/vaultenv-cli/pkg/storage/file.go:117.16,119.3 1 1
github.com/vaultenv/vaultenv-cli/pkg/storage/file.go:121.2,122.13 2 1
github.com/vaultenv/vaultenv-cli/pkg/storage/file.go:122.13,124.3 1 1
github.com/vaultenv/vaultenv-cli/pkg/storage/file.go:126.2,126.19 1 1
github.com/vaultenv/vaultenv-cli/pkg/storage/file.go:130.56,136.16 4 1
github.com/vaultenv/vaultenv-cli/pkg/storage/file.go:136.16,138.3 1 0
github.com/vaultenv/vaultenv-cli/pkg/storage/file.go:140.2,141.20 2 1
github.com/vaultenv/vaultenv-cli/pkg/storage/file.go:145.48,151.16 4 1
github.com/vaultenv/vaultenv-cli/pkg/storage/file.go:151.16,153.3 1 0
github.com/vaultenv/vaultenv-cli/pkg/storage/file.go:156.2,159.25 2 1
github.com/vaultenv/vaultenv-cli/pkg/storage/file.go:163.48,169.16 4 1
github.com/vaultenv/vaultenv-cli/pkg/storage/file.go:169.16,171.3 1 0
github.com/vaultenv/vaultenv-cli/pkg/storage/file.go:173.2,174.24 2 1
github.com/vaultenv/vaultenv-cli/pkg/storage/file.go:174.24,176.3 1 1
github.com/vaultenv/vaultenv-cli/pkg/storage/file.go:178.2,178.18 1 1
github.com/vaultenv/vaultenv-cli/pkg/storage/file.go:182.37,184.2 1 1
github.com/vaultenv/vaultenv-cli/pkg/storage/git.go:16.71,19.51 2 1
github.com/vaultenv/vaultenv-cli/pkg/storage/git.go:19.51,21.3 1 0
github.com/vaultenv/vaultenv-cli/pkg/storage/git.go:23.2,26.8 1 1
github.com/vaultenv/vaultenv-cli/pkg/storage/git.go:29.65,31.43 1 1
github.com/vaultenv/vaultenv-cli/pkg/storage/git.go:31.43,33.3 1 1
github.com/vaultenv/vaultenv-cli/pkg/storage/git.go:36.2,39.66 2 1
github.com/vaultenv/vaultenv-cli/pkg/storage/git.go:39.66,41.3 1 0
github.com/vaultenv/vaultenv-cli/pkg/storage/git.go:44.2,46.70 2 1
github.com/vaultenv/vaultenv-cli/pkg/storage/git.go:46.70,48.3 1 0
github.com/vaultenv/vaultenv-cli/pkg/storage/git.go:50.2,50.12 1 1
github.com/vaultenv/vaultenv-cli/pkg/storage/git.go:53.54,57.16 3 1
github.com/vaultenv/vaultenv-cli/pkg/storage/git.go:57.16,58.25 1 1
github.com/vaultenv/vaultenv-cli/pkg/storage/git.go:58.25,60.4 1 1
github.com/vaultenv/vaultenv-cli/pkg/storage/git.go:61.3,61.56 1 0
github.com/vaultenv/vaultenv-cli/pkg/storage/git.go:64.2,64.37 1 1
github.com/vaultenv/vaultenv-cli/pkg/storage/git.go:67.47,70.44 2 1
github.com/vaultenv/vaultenv-cli/pkg/storage/git.go:70.44,71.25 1 1
github.com/vaultenv/vaultenv-cli/pkg/storage/git.go:71.25,74.4 1 1
github.com/vaultenv/vaultenv-cli/pkg/storage/git.go:75.3,75.54 1 0
github.com/vaultenv/vaultenv-cli/pkg/storage/git.go:79.2,82.49 3 1
github.com/vaultenv/vaultenv-cli/pkg/storage/git.go:82.49,84.37 2 1
github.com/vaultenv/vaultenv-cli/pkg/storage/git.go:84.37,85.9 1 1
github.com/vaultenv/vaultenv-cli/pkg/storage/git.go:87.3,88.26 2 0
github.com/vaultenv/vaultenv-cli/pkg/storage/git.go:91.2,91.12 1 1
github.com/vaultenv/vaultenv-cli/pkg/storage/git.go:94.47,99.85 3 1
github.com/vaultenv/vaultenv-cli/pkg/storage/git.go:99.85,100.17 1 1
github.com/vaultenv/vaultenv-cli/pkg/storage/git.go:100.17,102.4 1 0
github.com/vaultenv/vaultenv-cli/pkg/storage/git.go:104.3,104.55 1 1
github.com/vaultenv/vaultenv-cli/pkg/storage/git.go:104.55,109.4 3 1
github.com/vaultenv/vaultenv-cli/pkg/storage/git.go:111.3,111.13 1 1
github.com/vaultenv/vaultenv-cli/pkg/storage/git.go:114.2,114.18 1 1
github.com/vaultenv/vaultenv-cli/pkg/storage/git.go:117.55,121.16 3 1
github.com/vaultenv/vaultenv-cli/pkg/storage/git.go:121.16,123.3 1 1
github.com/vaultenv/vaultenv-cli/pkg/storage/git.go:125.2,125.24 1 1
github.com/vaultenv/vaultenv-cli/pkg/storage/git.go:125.24,127.3 1 1
github.com/vaultenv/vaultenv-cli/pkg/storage/git.go:129.2,129.19 1 0
github.com/vaultenv/vaultenv-cli/pkg/storage/git.go:132.36,135.2 1 1
github.com/vaultenv/vaultenv-cli/pkg/storage/git.go:139.52,140.15 1 1
github.com/vaultenv/vaultenv-cli/pkg/storage/git.go:140.15,142.3 1 0
github.com/vaultenv/vaultenv-cli/pkg/storage/git.go:145.2,145.33 1 1
github.com/vaultenv/vaultenv-cli/pkg/storage/git.go:145.33,147.3 1 1
github.com/vaultenv/vaultenv-cli/pkg/storage/git.go:150.2,150.27 1 1
github.com/vaultenv/vaultenv-cli/pkg/storage/git.go:150.27,155.17 1 1
github.com/vaultenv/vaultenv-cli/pkg/storage/git.go:155.17,157.4 1 1
github.com/vaultenv/vaultenv-cli/pkg/storage/git.go:160.2,160.12 1 1
github.com/vaultenv/vaultenv-cli/pkg/storage/git.go:163.53,167.20 2 1
github.com/vaultenv/vaultenv-cli/pkg/storage/git.go:167.20,171.3 3 1
github.com/vaultenv/vaultenv-cli/pkg/storage/git.go:173.2,173.85 1 1
github.com/vaultenv/vaultenv-cli/pkg/storage/git.go:176.62,181.2 2 1
github.com/vaultenv/vaultenv-cli/pkg/storage/git.go:183.67,190.29 4 1
github.com/vaultenv/vaultenv-cli/pkg/storage/git.go:190.29,194.42 2 1
github.com/vaultenv/vaultenv-cli/pkg/storage/git.go:194.42,195.12 1 1
github.com/vaultenv/vaultenv-cli/pkg/storage/git.go:199.3,199.36 1 1
github.com/vaultenv/vaultenv-cli/pkg/storage/git.go:199.36,202.9 3 1
github.com/vaultenv/vaultenv-cli/pkg/storage/git.go:207.2,207.56 1 1
github.com/vaultenv/vaultenv-cli/pkg/storage/git.go:207.56,209.3 1 0
github.com/vaultenv/vaultenv-cli/pkg/storage/git.go:212.2,214.84 2 1
github.com/vaultenv/vaultenv-cli/pkg/storage/git.go:214.84,216.3 1 1
github.com/vaultenv/vaultenv-cli/pkg/storage/git.go:218.2,218.44 1 1
github.com/vaultenv/vaultenv-cli/pkg/storage/git.go:221.56,232.2 4 1
github.com/vaultenv/vaultenv-cli/pkg/storage/git.go:236.49,252.2 1 0
github.com/vaultenv/vaultenv-cli/pkg/storage/git.go:254.53,262.2 1 0
github.com/vaultenv/vaultenv-cli/pkg/storage/interface.go:40.38,42.2 1 1
github.com/vaultenv/vaultenv-cli/pkg/storage/interface.go:45.25,47.2 1 1
github.com/vaultenv/vaultenv-cli/pkg/storage/interface.go:58.54,62.2 1 1
github.com/vaultenv/vaultenv-cli/pkg/storage/interface.go:65.66,67.24 1 1
github.com/vaultenv/vaultenv-cli/pkg/storage/interface.go:67.24,69.3 1 1
github.com/vaultenv/vaultenv-cli/pkg/storage/interface.go:72.2,72.25 1 1
github.com/vaultenv/vaultenv-cli/pkg/storage/interface.go:72.25,74.3 1 1
github.com/vaultenv/vaultenv-cli/pkg/storage/interface.go:75.2,75.21 1 1
github.com/vaultenv/vaultenv-cli/pkg/storage/interface.go:75.21,77.3 1 1
github.com/vaultenv/vaultenv-cli/pkg/storage/interface.go:80.2,83.19 3 1
github.com/vaultenv/vaultenv-cli/pkg/storage/interface.go:84.16,85.71 1 1
github.com/vaultenv/vaultenv-cli/pkg/storage/interface.go:86.14,87.69 1 1
github.com/vaultenv/vaultenv-cli/pkg/storage/interface.go:88.13,89.68 1 1
github.com/vaultenv/vaultenv-cli/pkg/storage/interface.go:90.10,91.68 1 1
github.com/vaultenv/vaultenv-cli/pkg/storage/interface.go:94.2,94.16 1 1
github.com/vaultenv/vaultenv-cli/pkg/storage/interface.go:94.16,96.3 1 0
github.com/vaultenv/vaultenv-cli/pkg/storage/interface.go:99.2,99.25 1 1
github.com/vaultenv/vaultenv-cli/pkg/storage/interface.go:99.25,101.3 1 1
github.com/vaultenv/vaultenv-cli/pkg/storage/interface.go:103.2,103.25 1 1
github.com/vaultenv/vaultenv-cli/pkg/storage/memory.go:14.40,18.2 1 1
github.com/vaultenv/vaultenv-cli/pkg/storage/memory.go:21.68,28.2 4 1
github.com/vaultenv/vaultenv-cli/pkg/storage/memory.go:31.57,36.13 4 1
github.com/vaultenv/vaultenv-cli/pkg/storage/memory.go:36.13,38.3 1 1
github.com/vaultenv/vaultenv-cli/pkg/storage/memory.go:40.2,40.19 1 1
github.com/vaultenv/vaultenv-cli/pkg/storage/memory.go:44.58,50.2 4 1
github.com/vaultenv/vaultenv-cli/pkg/storage/memory.go:53.50,59.2 4 1
github.com/vaultenv/vaultenv-cli/pkg/storage/memory.go:62.50,67.26 4 1
github.com/vaultenv/vaultenv-cli/pkg/storage/memory.go:67.26,69.3 1 1
github.com/vaultenv/vaultenv-cli/pkg/storage/memory.go:71.2,71.18 1 1
github.com/vaultenv/vaultenv-cli/pkg/storage/memory.go:75.39,77.2 1 1
github.com/vaultenv/vaultenv-cli/pkg/storage/sqlite.go:46.77,51.49 3 1
github.com/vaultenv/vaultenv-cli/pkg/storage/sqlite.go:51.49,53.3 1 0
github.com/vaultenv/vaultenv-cli/pkg/storage/sqlite.go:56.2,57.16 2 1
github.com/vaultenv/vaultenv-cli/pkg/storage/sqlite.go:57.16,59.3 1 0
github.com/vaultenv/vaultenv-cli/pkg/storage/sqlite.go:62.2,72.45 5 1
github.com/vaultenv/vaultenv-cli/pkg/storage/sqlite.go:72.45,75.3 2 0
github.com/vaultenv/vaultenv-cli/pkg/storage/sqlite.go:77.2,77.21 1 1
github.com/vaultenv/vaultenv-cli/pkg/storage/sqlite.go:80.44,126.2 3 1
github.com/vaultenv/vaultenv-cli/pkg/storage/sqlite.go:129.68,131.16 2 1
github.com/vaultenv/vaultenv-cli/pkg/storage/sqlite.go:131.16,133.3 1 0
github.com/vaultenv/vaultenv-cli/pkg/storage/sqlite.go:134.2,144.26 5 1
github.com/vaultenv/vaultenv-cli/pkg/storage/sqlite.go:144.26,151.17 2 1
github.com/vaultenv/vaultenv-cli/pkg/storage/sqlite.go:151.17,153.4 1 0
github.com/vaultenv/vaultenv-cli/pkg/storage/sqlite.go:155.3,156.14 2 1
github.com/vaultenv/vaultenv-cli/pkg/storage/sqlite.go:157.8,157.23 1 1
github.com/vaultenv/vaultenv-cli/pkg/storage/sqlite.go:157.23,159.3 1 0
github.com/vaultenv/vaultenv-cli/pkg/storage/sqlite.go:159.8,169.17 3 1
github.com/vaultenv/vaultenv-cli/pkg/storage/sqlite.go:169.17,171.4 1 0
github.com/vaultenv/vaultenv-cli/pkg/storage/sqlite.go:175.2,180.16 2 1
github.com/vaultenv/vaultenv-cli/pkg/storage/sqlite.go:180.16,182.3 1 0
github.com/vaultenv/vaultenv-cli/pkg/storage/sqlite.go:185.2,190.16 2 1
github.com/vaultenv/vaultenv-cli/pkg/storage/sqlite.go:190.16,192.3 1 0
github.com/vaultenv/vaultenv-cli/pkg/storage/sqlite.go:194.2,194.20 1 1
github.com/vaultenv/vaultenv-cli/pkg/storage/sqlite.go:198.57,207.12 4 1
github.com/vaultenv/vaultenv-cli/pkg/storage/sqlite.go:207.12,212.3 1 1
github.com/vaultenv/vaultenv-cli/pkg/storage/sqlite.go:214.2,214.26 1 1
github.com/vaultenv/vaultenv-cli/pkg/storage/sqlite.go:214.26,216.3 1 1
github.com/vaultenv/vaultenv-cli/pkg/storage/sqlite.go:218.2,218.16 1 1
github.com/vaultenv/vaultenv-cli/pkg/storage/sqlite.go:218.16,220.3 1 0
github.com/vaultenv/vaultenv-cli/pkg/storage/sqlite.go:222.2,222.19 1 1
github.com/vaultenv/vaultenv-cli/pkg/storage/sqlite.go:226.58,233.16 3 1
github.com/vaultenv/vaultenv-cli/pkg/storage/sqlite.go:233.16,235.3 1 0
github.com/vaultenv/vaultenv-cli/pkg/storage/sqlite.go:237.2,237.23 1 1
github.com/vaultenv/vaultenv-cli/pkg/storage/sqlite.go:241.50,243.16 2 1
github.com/vaultenv/vaultenv-cli/pkg/storage/sqlite.go:243.16,245.3 1 0
github.com/vaultenv/vaultenv-cli/pkg/storage/sqlite.go:246.2,256.26 5 1
github.com/vaultenv/vaultenv-cli/pkg/storage/sqlite.go:256.26,259.3 1 1
github.com/vaultenv/vaultenv-cli/pkg/storage/sqlite.go:261.2,261.16 1 1
github.com/vaultenv/vaultenv-cli/pkg/storage/sqlite.go:261.16,263.3 1 0
github.com/vaultenv/vaultenv-cli/pkg/storage/sqlite.go:266.2,272.16 2 1
github.com/vaultenv/vaultenv-cli/pkg/storage/sqlite.go:272.16,274.3 1 0
github.com/vaultenv/vaultenv-cli/pkg/storage/sqlite.go:277.2,281.16 2 1
github.com/vaultenv/vaultenv-cli/pkg/storage/sqlite.go:281.16,283.3 1 0
github.com/vaultenv/vaultenv-cli/pkg/storage/sqlite.go:286.2,291.16 2 1
github.com/vaultenv/vaultenv-cli/pkg/storage/sqlite.go:291.16,293.3 1 0
github.com/vaultenv/vaultenv-cli/pkg/storage/sqlite.go:295.2,295.20 1 1
github.com/vaultenv/vaultenv-cli/pkg/storage/sqlite.go:299.50,306.16 2 1
github.com/vaultenv/vaultenv-cli/pkg/storage/sqlite.go:306.16,308.3 1 0
github.com/vaultenv/vaultenv-cli/pkg/storage/sqlite.go:309.2,312.18 3 1
github.com/vaultenv/vaultenv-cli/pkg/storage/sqlite.go:312.18,314.41 2 1
github.com/vaultenv/vaultenv-cli/pkg/storage/sqlite.go:314.41,316.4 1 0
github.com/vaultenv/vaultenv-cli/pkg/storage/sqlite.go:317.3,317.27 1 1
github.com/vaultenv/vaultenv-cli/pkg/storage/sqlite.go:321.2,321.12 1 1
github.com/vaultenv/vaultenv-cli/pkg/storage/sqlite.go:321.12,326.3 1 1
github.com/vaultenv/vaultenv-cli/pkg/storage/sqlite.go:328.2,328.25 1 1
github.com/vaultenv/vaultenv-cli/pkg/storage/sqlite.go:332.39,334.2 1 1
github.com/vaultenv/vaultenv-cli/pkg/storage/sqlite.go:337.84,346.16 2 1
github.com/vaultenv/vaultenv-cli/pkg/storage/sqlite.go:346.16,348.3 1 0
github.com/vaultenv/vaultenv-cli/pkg/storage/sqlite.go:349.2,352.18 3 1
github.com/vaultenv/vaultenv-cli/pkg/storage/sqlite.go:352.18,355.17 3 1
github.com/vaultenv/vaultenv-cli/pkg/storage/sqlite.go:355.17,357.4 1 0
github.com/vaultenv/vaultenv-cli/pkg/storage/sqlite.go:358.3,358.31 1 1
github.com/vaultenv/vaultenv-cli/pkg/storage/sqlite.go:361.2,361.28 1 1
github.com/vaultenv/vaultenv-cli/pkg/storage/sqlite.go:365.70,374.16 2 1
github.com/vaultenv/vaultenv-cli/pkg/storage/sqlite.go:374.16,376.3 1 0
github.com/vaultenv/vaultenv-cli/pkg/storage/sqlite.go:377.2,380.18 3 1
github.com/vaultenv/vaultenv-cli/pkg/storage/sqlite.go:380.18,384.17 4 1
github.com/vaultenv/vaultenv-cli/pkg/storage/sqlite.go:384.17,386.4 1 0
github.com/vaultenv/vaultenv-cli/pkg/storage/sqlite.go:387.3,387.21 1 1
github.com/vaultenv/vaultenv-cli/pkg/storage/sqlite.go:387.21,389.4 1 0
github.com/vaultenv/vaultenv-cli/pkg/storage/sqlite.go:390.3,390.31 1 1
github.com/vaultenv/vaultenv-cli/pkg/storage/sqlite.go:393.2,393.28 1 1
github.com/vaultenv/vaultenv-cli/pkg/storage/sqlite.go:397.30,398.43 1 1
github.com/vaultenv/vaultenv-cli/pkg/storage/sqlite.go:398.43,400.3 1 1
github.com/vaultenv/vaultenv-cli/pkg/storage/sqlite.go:401.2,401.47 1 0
github.com/vaultenv/vaultenv-cli/pkg/storage/sqlite.go:401.47,403.3 1 0
github.com/vaultenv/vaultenv-cli/pkg/storage/sqlite.go:404.2,404.18 1 0
